<?xml version="1.0" encoding="UTF-8"?>
<coverage generated="1650548920329" clover="3.2.0">
  <project timestamp="1650548920330" name="All files">
    <metrics statements="4" coveredstatements="4" conditionals="0" coveredconditionals="0" methods="0" coveredmethods="0" elements="4" coveredelements="4" complexity="0" loc="4" ncloc="4" packages="1" files="1" classes="1"/>
    <file name="BaseModal.vue" path="/home/ofplarsen/NTNU/DataIng2023/Spring2022/Sys2/idatt2016_v22_01/idatt2106-v22-01-frontend/src/components/Base/BaseModal.vue">
      <metrics statements="4" coveredstatements="4" conditionals="0" coveredconditionals="0" methods="0" coveredmethods="0"/>
      <line num="1" count="2" type="stmt"/>
      <line num="8" count="1" type="stmt"/>
      <line num="9" count="1" type="stmt"/>
      <line num="10" count="1" type="stmt"/>
    </file>
  </project>
</coverage>
