{
	"/home/ofplarsen/NTNU/DataIng2023/Spring2022/Sys2/idatt2016_v22_01/idatt2106-v22-01-frontend/src/components/Base/BaseBtn.vue": {
		"path": "/home/ofplarsen/NTNU/DataIng2023/Spring2022/Sys2/idatt2016_v22_01/idatt2106-v22-01-frontend/src/components/Base/BaseBtn.vue",
		"statementMap": {
			"0": {
				"start": { "line": 2, "column": 0 },
				"end": { "line": 2, "column": 6 }
			},
			"1": {
				"start": { "line": 3, "column": 12 },
				"end": { "line": 3, "column": 20 }
			},
			"2": {
				"start": { "line": 4, "column": 12 },
				"end": { "line": 4, "column": 20 }
			},
			"3": {
				"start": { "line": 5, "column": 0 },
				"end": { "line": 5, "column": 7 }
			},
			"4": {
				"start": { "line": 1, "column": 20 },
				"end": { "line": 1, "column": 27 }
			},
			"5": {
				"start": { "line": 11, "column": 27 },
				"end": { "line": 11, "column": 29 }
			},
			"6": {
				"start": { "line": 12, "column": 8 },
				"end": { "line": 12, "column": 14 }
			},
			"7": {
				"start": { "line": 13, "column": 8 },
				"end": { "line": 13, "column": 15 }
			}
		},
		"fnMap": {},
		"branchMap": {},
		"s": { "0": 1, "1": 1, "2": 1, "3": 1, "4": 0, "5": 0, "6": 0, "7": 0 },
		"f": {},
		"b": {}
	},
	"/home/ofplarsen/NTNU/DataIng2023/Spring2022/Sys2/idatt2016_v22_01/idatt2106-v22-01-frontend/src/components/Base/BaseInput.vue": {
		"path": "/home/ofplarsen/NTNU/DataIng2023/Spring2022/Sys2/idatt2016_v22_01/idatt2106-v22-01-frontend/src/components/Base/BaseInput.vue",
		"statementMap": {
			"0": {
				"start": { "line": 1, "column": 20 },
				"end": { "line": 1, "column": null }
			},
			"1": {
				"start": { "line": 8, "column": 26 },
				"end": { "line": 10, "column": null }
			},
			"2": {
				"start": { "line": 9, "column": 12 },
				"end": { "line": 9, "column": 16 }
			},
			"3": {
				"start": { "line": 11, "column": 27 },
				"end": { "line": 11, "column": 29 }
			},
			"4": {
				"start": { "line": 12, "column": 8 },
				"end": { "line": 12, "column": 14 }
			},
			"5": {
				"start": { "line": 13, "column": 8 },
				"end": { "line": 13, "column": 15 }
			}
		},
		"fnMap": {
			"0": {
				"name": "(anonymous_1)",
				"decl": {
					"start": { "line": 8, "column": 26 },
					"end": { "line": 8, "column": 36 }
				},
				"loc": {
					"start": { "line": 8, "column": 43 },
					"end": { "line": 10, "column": null }
				}
			}
		},
		"branchMap": {},
		"s": { "0": 6, "1": 6, "2": 0, "3": 6, "4": 6, "5": 6 },
		"f": { "0": 0 },
		"b": {}
	},
	"/home/ofplarsen/NTNU/DataIng2023/Spring2022/Sys2/idatt2016_v22_01/idatt2106-v22-01-frontend/src/components/Base/BaseModal.vue": {
		"path": "/home/ofplarsen/NTNU/DataIng2023/Spring2022/Sys2/idatt2016_v22_01/idatt2106-v22-01-frontend/src/components/Base/BaseModal.vue",
		"statementMap": {
			"0": {
				"start": { "line": 8, "column": 0 },
				"end": { "line": 8, "column": 6 }
			},
			"1": {
				"start": { "line": 9, "column": 12 },
				"end": { "line": 9, "column": 20 }
			},
			"2": {
				"start": { "line": 10, "column": 0 },
				"end": { "line": 10, "column": 7 }
			},
			"3": {
				"start": { "line": 1, "column": 8 },
				"end": { "line": 1, "column": 15 }
			}
		},
		"fnMap": {},
		"branchMap": {},
		"s": { "0": 1, "1": 1, "2": 1, "3": 2 },
		"f": {},
		"b": {}
	},
	"/home/ofplarsen/NTNU/DataIng2023/Spring2022/Sys2/idatt2016_v22_01/idatt2106-v22-01-frontend/src/pages/UserRegister.vue": {
		"path": "/home/ofplarsen/NTNU/DataIng2023/Spring2022/Sys2/idatt2016_v22_01/idatt2106-v22-01-frontend/src/pages/UserRegister.vue",
		"statementMap": {
			"0": {
				"start": { "line": 2, "column": 23 },
				"end": { "line": 2, "column": -1 }
			},
			"1": {
				"start": { "line": 3, "column": 4 },
				"end": { "line": 3, "column": 28 }
			},
			"2": {
				"start": { "line": 3, "column": 26 },
				"end": { "line": 3, "column": 28 }
			},
			"3": {
				"start": { "line": 4, "column": 15 },
				"end": { "line": 4, "column": 21 }
			},
			"4": {
				"start": { "line": 5, "column": 4 },
				"end": { "line": 7, "column": null }
			},
			"5": {
				"start": { "line": 6, "column": 6 },
				"end": { "line": 6, "column": 10 }
			},
			"6": {
				"start": { "line": 6, "column": 51 },
				"end": { "line": 6, "column": 58 }
			},
			"7": {
				"start": { "line": 8, "column": 4 },
				"end": { "line": 8, "column": 10 }
			},
			"8": {
				"start": { "line": 39, "column": 4 },
				"end": { "line": 39, "column": 28 }
			},
			"9": {
				"start": { "line": 39, "column": 26 },
				"end": { "line": 39, "column": 28 }
			},
			"10": {
				"start": { "line": 40, "column": 4 },
				"end": { "line": 40, "column": 5 }
			},
			"11": {
				"start": { "line": 42, "column": 26 },
				"end": { "line": 42, "column": -1 }
			},
			"12": {
				"start": { "line": 43, "column": 4 },
				"end": { "line": 43, "column": 10 }
			},
			"13": {
				"start": { "line": 45, "column": 4 },
				"end": { "line": 45, "column": 5 }
			},
			"14": {
				"start": { "line": 47, "column": 20 },
				"end": { "line": 47, "column": 4 }
			},
			"15": {
				"start": { "line": 48, "column": 4 },
				"end": { "line": 48, "column": 38 }
			},
			"16": {
				"start": { "line": 48, "column": 31 },
				"end": { "line": 48, "column": 38 }
			},
			"17": {
				"start": { "line": 49, "column": 17 },
				"end": { "line": 49, "column": null }
			},
			"18": {
				"start": { "line": 50, "column": 4 },
				"end": { "line": 50, "column": 124 }
			},
			"19": {
				"start": { "line": 50, "column": 21 },
				"end": { "line": 50, "column": 124 }
			},
			"20": {
				"start": { "line": 50, "column": 40 },
				"end": { "line": 50, "column": 124 }
			},
			"21": {
				"start": { "line": 50, "column": 109 },
				"end": { "line": 50, "column": 124 }
			},
			"22": {
				"start": { "line": 1, "column": 28 },
				"end": { "line": 1, "column": 35 }
			},
			"23": {
				"start": { "line": 1, "column": 91 },
				"end": { "line": 1, "column": 98 }
			},
			"24": {
				"start": { "line": 10, "column": 4 },
				"end": { "line": 10, "column": 11 }
			},
			"25": {
				"start": { "line": 11, "column": 36 },
				"end": { "line": 11, "column": 99 }
			},
			"26": {
				"start": { "line": 11, "column": 42 },
				"end": { "line": 11, "column": 46 }
			},
			"27": {
				"start": { "line": 11, "column": 85 },
				"end": { "line": 11, "column": 91 }
			},
			"28": {
				"start": { "line": 12, "column": 35 },
				"end": { "line": 12, "column": 102 }
			},
			"29": {
				"start": { "line": 12, "column": 41 },
				"end": { "line": 12, "column": 45 }
			},
			"30": {
				"start": { "line": 12, "column": 88 },
				"end": { "line": 12, "column": 94 }
			},
			"31": {
				"start": { "line": 13, "column": 32 },
				"end": { "line": 13, "column": 38 }
			},
			"32": {
				"start": { "line": 14, "column": 8 },
				"end": { "line": 14, "column": 12 }
			},
			"33": {
				"start": { "line": 17, "column": 19 },
				"end": { "line": 55, "column": null }
			},
			"34": {
				"start": { "line": 18, "column": 12 },
				"end": { "line": 18, "column": 14 }
			},
			"35": {
				"start": { "line": 18, "column": 43 },
				"end": { "line": 18, "column": 63 }
			},
			"36": {
				"start": { "line": 18, "column": 57 },
				"end": { "line": 18, "column": 63 }
			},
			"37": {
				"start": { "line": 18, "column": 69 },
				"end": { "line": 18, "column": 76 }
			},
			"38": {
				"start": { "line": 19, "column": 4 },
				"end": { "line": 19, "column": 11 }
			},
			"39": {
				"start": { "line": 19, "column": 138 },
				"end": { "line": 19, "column": 145 }
			},
			"40": {
				"start": { "line": 20, "column": 23 },
				"end": { "line": 20, "column": 30 }
			},
			"41": {
				"start": { "line": 20, "column": 45 },
				"end": { "line": 20, "column": 52 }
			},
			"42": {
				"start": { "line": 22, "column": 8 },
				"end": { "line": 22, "column": 21 }
			},
			"43": {
				"start": { "line": 22, "column": 15 },
				"end": { "line": 22, "column": 21 }
			},
			"44": {
				"start": { "line": 23, "column": 8 },
				"end": { "line": 52, "column": null }
			},
			"45": {
				"start": { "line": 23, "column": 18 },
				"end": { "line": 52, "column": null }
			},
			"46": {
				"start": { "line": 24, "column": 12 },
				"end": { "line": 24, "column": 167 }
			},
			"47": {
				"start": { "line": 24, "column": 160 },
				"end": { "line": 24, "column": 167 }
			},
			"48": {
				"start": { "line": 25, "column": 12 },
				"end": { "line": 25, "column": 28 }
			},
			"49": {
				"start": { "line": 25, "column": 26 },
				"end": { "line": 25, "column": 28 }
			},
			"50": {
				"start": { "line": 26, "column": 12 },
				"end": { "line": 26, "column": 20 }
			},
			"51": {
				"start": { "line": 27, "column": 32 },
				"end": { "line": 27, "column": 33 }
			},
			"52": {
				"start": { "line": 27, "column": 40 },
				"end": { "line": 27, "column": null }
			},
			"53": {
				"start": { "line": 28, "column": 24 },
				"end": { "line": 28, "column": 25 }
			},
			"54": {
				"start": { "line": 28, "column": 35 },
				"end": { "line": 28, "column": 42 }
			},
			"55": {
				"start": { "line": 29, "column": 24 },
				"end": { "line": 29, "column": 25 }
			},
			"56": {
				"start": { "line": 29, "column": 35 },
				"end": { "line": 29, "column": 36 }
			},
			"57": {
				"start": { "line": 29, "column": 46 },
				"end": { "line": 29, "column": 48 }
			},
			"58": {
				"start": { "line": 29, "column": 56 },
				"end": { "line": 29, "column": null }
			},
			"59": {
				"start": { "line": 30, "column": 24 },
				"end": { "line": 30, "column": 26 }
			},
			"60": {
				"start": { "line": 30, "column": 42 },
				"end": { "line": 30, "column": 43 }
			},
			"61": {
				"start": { "line": 30, "column": 56 },
				"end": { "line": 30, "column": null }
			},
			"62": {
				"start": { "line": 32, "column": 20 },
				"end": { "line": 32, "column": null }
			},
			"63": {
				"start": { "line": 32, "column": 110 },
				"end": { "line": 32, "column": 111 }
			},
			"64": {
				"start": { "line": 32, "column": 117 },
				"end": { "line": 32, "column": 128 }
			},
			"65": {
				"start": { "line": 33, "column": 20 },
				"end": { "line": 33, "column": null }
			},
			"66": {
				"start": { "line": 33, "column": 81 },
				"end": { "line": 33, "column": 82 }
			},
			"67": {
				"start": { "line": 33, "column": 98 },
				"end": { "line": 33, "column": 106 }
			},
			"68": {
				"start": { "line": 34, "column": 20 },
				"end": { "line": 34, "column": null }
			},
			"69": {
				"start": { "line": 34, "column": 57 },
				"end": { "line": 34, "column": 58 }
			},
			"70": {
				"start": { "line": 34, "column": 73 },
				"end": { "line": 34, "column": 74 }
			},
			"71": {
				"start": { "line": 34, "column": 81 },
				"end": { "line": 34, "column": 89 }
			},
			"72": {
				"start": { "line": 35, "column": 20 },
				"end": { "line": 35, "column": null }
			},
			"73": {
				"start": { "line": 35, "column": 47 },
				"end": { "line": 35, "column": 48 }
			},
			"74": {
				"start": { "line": 35, "column": 63 },
				"end": { "line": 35, "column": 64 }
			},
			"75": {
				"start": { "line": 35, "column": 79 },
				"end": { "line": 35, "column": 87 }
			},
			"76": {
				"start": { "line": 36, "column": 20 },
				"end": { "line": 36, "column": 31 }
			},
			"77": {
				"start": { "line": 36, "column": 30 },
				"end": { "line": 36, "column": 31 }
			},
			"78": {
				"start": { "line": 37, "column": 20 },
				"end": { "line": 37, "column": 21 }
			},
			"79": {
				"start": { "line": 37, "column": 34 },
				"end": { "line": 37, "column": null }
			},
			"80": {
				"start": { "line": 51, "column": 12 },
				"end": { "line": 51, "column": 14 }
			},
			"81": {
				"start": { "line": 52, "column": 22 },
				"end": { "line": 52, "column": 24 }
			},
			"82": {
				"start": { "line": 52, "column": 35 },
				"end": { "line": 52, "column": 36 }
			},
			"83": {
				"start": { "line": 52, "column": 54 },
				"end": { "line": 52, "column": 55 }
			},
			"84": {
				"start": { "line": 53, "column": 8 },
				"end": { "line": 53, "column": 29 }
			},
			"85": {
				"start": { "line": 53, "column": 23 },
				"end": { "line": 53, "column": 29 }
			},
			"86": {
				"start": { "line": 53, "column": 36 },
				"end": { "line": 53, "column": 43 }
			},
			"87": {
				"start": { "line": 56, "column": 23 },
				"end": { "line": 58, "column": null }
			},
			"88": {
				"start": { "line": 57, "column": 4 },
				"end": { "line": 57, "column": 11 }
			},
			"89": {
				"start": { "line": 59, "column": 0 },
				"end": { "line": 59, "column": 6 }
			},
			"90": {
				"start": { "line": 60, "column": 12 },
				"end": { "line": 60, "column": 20 }
			},
			"91": {
				"start": { "line": 61, "column": 22 },
				"end": { "line": 61, "column": 38 }
			},
			"92": {
				"start": { "line": 62, "column": 21 },
				"end": { "line": 62, "column": 29 }
			},
			"93": {
				"start": { "line": 63, "column": 10 },
				"end": { "line": 63, "column": 23 }
			},
			"94": {
				"start": { "line": 64, "column": 14 },
				"end": { "line": 64, "column": 30 }
			},
			"95": {
				"start": { "line": 65, "column": 20 },
				"end": { "line": 65, "column": 36 }
			},
			"96": {
				"start": { "line": 66, "column": 12 },
				"end": { "line": 66, "column": 20 }
			},
			"97": {
				"start": { "line": 67, "column": 0 },
				"end": { "line": 67, "column": 7 }
			},
			"98": {
				"start": { "line": 69, "column": 21 },
				"end": { "line": 69, "column": null }
			},
			"99": {
				"start": { "line": 70, "column": 8 },
				"end": { "line": 70, "column": null }
			},
			"100": {
				"start": { "line": 71, "column": 21 },
				"end": { "line": 71, "column": 24 }
			},
			"101": {
				"start": { "line": 82, "column": 21 },
				"end": { "line": 84, "column": null }
			},
			"102": {
				"start": { "line": 86, "column": 23 },
				"end": { "line": 86, "column": null }
			},
			"103": {
				"start": { "line": 87, "column": 24 },
				"end": { "line": 87, "column": null }
			},
			"104": {
				"start": { "line": 88, "column": 23 },
				"end": { "line": 88, "column": null }
			},
			"105": {
				"start": { "line": 89, "column": 20 },
				"end": { "line": 89, "column": null }
			}
		},
		"fnMap": {
			"0": {
				"name": "(anonymous_0)",
				"decl": {
					"start": { "line": 2, "column": 74 },
					"end": { "line": 2, "column": 83 }
				},
				"loc": {
					"start": { "line": 2, "column": 96 },
					"end": { "line": 9, "column": 6 }
				}
			},
			"1": {
				"name": "(anonymous_1)",
				"decl": {
					"start": { "line": 6, "column": 38 },
					"end": { "line": 6, "column": 49 }
				},
				"loc": {
					"start": { "line": 6, "column": 49 },
					"end": { "line": 6, "column": null }
				}
			},
			"2": {
				"name": "(anonymous_2)",
				"decl": {
					"start": { "line": 9, "column": 6 },
					"end": { "line": 9, "column": 15 }
				},
				"loc": {
					"start": { "line": 9, "column": 28 },
					"end": { "line": 41, "column": null }
				}
			},
			"3": {
				"name": "(anonymous_3)",
				"decl": {
					"start": { "line": 42, "column": 80 },
					"end": { "line": 42, "column": 89 }
				},
				"loc": {
					"start": { "line": 42, "column": 95 },
					"end": { "line": 44, "column": 5 }
				}
			},
			"4": {
				"name": "(anonymous_4)",
				"decl": {
					"start": { "line": 44, "column": 5 },
					"end": { "line": 44, "column": 14 }
				},
				"loc": {
					"start": { "line": 44, "column": 20 },
					"end": { "line": 46, "column": null }
				}
			},
			"5": {
				"name": "(anonymous_5)",
				"decl": {
					"start": { "line": 47, "column": 50 },
					"end": { "line": 47, "column": 60 }
				},
				"loc": {
					"start": { "line": 47, "column": 65 },
					"end": { "line": 47, "column": 4 }
				}
			},
			"6": {
				"name": "adopt",
				"decl": {
					"start": { "line": 1, "column": 13 },
					"end": { "line": 1, "column": 19 }
				},
				"loc": {
					"start": { "line": 1, "column": 26 },
					"end": { "line": 1, "column": null }
				}
			},
			"7": {
				"name": "(anonymous_8)",
				"decl": {
					"start": { "line": 1, "column": 70 },
					"end": { "line": 1, "column": 80 }
				},
				"loc": {
					"start": { "line": 1, "column": 89 },
					"end": { "line": 1, "column": 112 }
				}
			},
			"8": {
				"name": "(anonymous_9)",
				"decl": {
					"start": { "line": 10, "column": 36 },
					"end": { "line": 10, "column": 46 }
				},
				"loc": {
					"start": { "line": 10, "column": 63 },
					"end": { "line": 15, "column": null }
				}
			},
			"9": {
				"name": "fulfilled",
				"decl": {
					"start": { "line": 11, "column": 17 },
					"end": { "line": 11, "column": 27 }
				},
				"loc": {
					"start": { "line": 11, "column": 34 },
					"end": { "line": 11, "column": null }
				}
			},
			"10": {
				"name": "rejected",
				"decl": {
					"start": { "line": 12, "column": 17 },
					"end": { "line": 12, "column": 26 }
				},
				"loc": {
					"start": { "line": 12, "column": 33 },
					"end": { "line": 12, "column": null }
				}
			},
			"11": {
				"name": "step",
				"decl": {
					"start": { "line": 13, "column": 17 },
					"end": { "line": 13, "column": 22 }
				},
				"loc": {
					"start": { "line": 13, "column": 30 },
					"end": { "line": 13, "column": null }
				}
			},
			"12": {
				"name": "(anonymous_13)",
				"decl": {
					"start": { "line": 17, "column": 48 },
					"end": { "line": 17, "column": 58 }
				},
				"loc": {
					"start": { "line": 17, "column": 73 },
					"end": { "line": 55, "column": null }
				}
			},
			"13": {
				"name": "(anonymous_14)",
				"decl": {
					"start": { "line": 18, "column": 30 },
					"end": { "line": 18, "column": 41 }
				},
				"loc": {
					"start": { "line": 18, "column": 41 },
					"end": { "line": 18, "column": 85 }
				}
			},
			"14": {
				"name": "(anonymous_15)",
				"decl": {
					"start": { "line": 19, "column": 125 },
					"end": { "line": 19, "column": 136 }
				},
				"loc": {
					"start": { "line": 19, "column": 136 },
					"end": { "line": 19, "column": 155 }
				}
			},
			"15": {
				"name": "verb",
				"decl": {
					"start": { "line": 20, "column": 13 },
					"end": { "line": 20, "column": 18 }
				},
				"loc": {
					"start": { "line": 20, "column": 21 },
					"end": { "line": 20, "column": null }
				}
			},
			"16": {
				"name": "(anonymous_17)",
				"decl": {
					"start": { "line": 20, "column": 30 },
					"end": { "line": 20, "column": 40 }
				},
				"loc": {
					"start": { "line": 20, "column": 43 },
					"end": { "line": 20, "column": 70 }
				}
			},
			"17": {
				"name": "step",
				"decl": {
					"start": { "line": 21, "column": 13 },
					"end": { "line": 21, "column": 18 }
				},
				"loc": {
					"start": { "line": 21, "column": 22 },
					"end": { "line": 54, "column": null }
				}
			},
			"18": {
				"name": "(anonymous_19)",
				"decl": {
					"start": { "line": 56, "column": 56 },
					"end": { "line": 56, "column": 66 }
				},
				"loc": {
					"start": { "line": 56, "column": 71 },
					"end": { "line": 58, "column": null }
				}
			}
		},
		"branchMap": {
			"0": {
				"loc": {
					"start": { "line": 2, "column": 23 },
					"end": { "line": 2, "column": -1 }
				},
				"type": "binary-expr",
				"locations": [
					{
						"start": { "line": 2, "column": 23 },
						"end": { "line": 2, "column": 31 }
					},
					{
						"start": { "line": 2, "column": 57 },
						"end": { "line": 41, "column": null }
					}
				]
			},
			"1": {
				"loc": {
					"start": { "line": 2, "column": 57 },
					"end": { "line": 41, "column": null }
				},
				"type": "cond-expr",
				"locations": [
					{
						"start": { "line": 2, "column": 74 },
						"end": { "line": 9, "column": 6 }
					},
					{
						"start": { "line": 9, "column": 6 },
						"end": { "line": 41, "column": null }
					}
				]
			},
			"2": {
				"loc": {
					"start": { "line": 3, "column": 4 },
					"end": { "line": 3, "column": 28 }
				},
				"type": "if",
				"locations": [
					{
						"start": { "line": 3, "column": 4 },
						"end": { "line": 3, "column": 28 }
					}
				]
			},
			"3": {
				"loc": {
					"start": { "line": 5, "column": 4 },
					"end": { "line": 7, "column": null }
				},
				"type": "if",
				"locations": [
					{
						"start": { "line": 5, "column": 4 },
						"end": { "line": 7, "column": null }
					}
				]
			},
			"4": {
				"loc": {
					"start": { "line": 5, "column": 8 },
					"end": { "line": 5, "column": 9 }
				},
				"type": "binary-expr",
				"locations": [
					{
						"start": { "line": 5, "column": 8 },
						"end": { "line": 5, "column": 18 }
					},
					{
						"start": { "line": 5, "column": 18 },
						"end": { "line": 5, "column": 87 }
					}
				]
			},
			"5": {
				"loc": {
					"start": { "line": 5, "column": 18 },
					"end": { "line": 5, "column": 87 }
				},
				"type": "cond-expr",
				"locations": [
					{
						"start": { "line": 5, "column": 34 },
						"end": { "line": 5, "column": 50 }
					},
					{
						"start": { "line": 5, "column": 50 },
						"end": { "line": 5, "column": 87 }
					}
				]
			},
			"6": {
				"loc": {
					"start": { "line": 5, "column": 50 },
					"end": { "line": 5, "column": 87 }
				},
				"type": "binary-expr",
				"locations": [
					{
						"start": { "line": 5, "column": 50 },
						"end": { "line": 5, "column": 67 }
					},
					{
						"start": { "line": 5, "column": 67 },
						"end": { "line": 5, "column": 87 }
					}
				]
			},
			"7": {
				"loc": {
					"start": { "line": 39, "column": 4 },
					"end": { "line": 39, "column": 28 }
				},
				"type": "if",
				"locations": [
					{
						"start": { "line": 39, "column": 4 },
						"end": { "line": 39, "column": 28 }
					}
				]
			},
			"8": {
				"loc": {
					"start": { "line": 42, "column": 26 },
					"end": { "line": 42, "column": -1 }
				},
				"type": "binary-expr",
				"locations": [
					{
						"start": { "line": 42, "column": 26 },
						"end": { "line": 42, "column": 34 }
					},
					{
						"start": { "line": 42, "column": 63 },
						"end": { "line": 46, "column": null }
					}
				]
			},
			"9": {
				"loc": {
					"start": { "line": 42, "column": 63 },
					"end": { "line": 46, "column": null }
				},
				"type": "cond-expr",
				"locations": [
					{
						"start": { "line": 42, "column": 80 },
						"end": { "line": 44, "column": 5 }
					},
					{
						"start": { "line": 44, "column": 5 },
						"end": { "line": 46, "column": null }
					}
				]
			},
			"10": {
				"loc": {
					"start": { "line": 47, "column": 20 },
					"end": { "line": 47, "column": 4 }
				},
				"type": "binary-expr",
				"locations": [
					{
						"start": { "line": 47, "column": 20 },
						"end": { "line": 47, "column": 28 }
					},
					{
						"start": { "line": 47, "column": 50 },
						"end": { "line": 47, "column": 4 }
					}
				]
			},
			"11": {
				"loc": {
					"start": { "line": 48, "column": 4 },
					"end": { "line": 48, "column": 38 }
				},
				"type": "if",
				"locations": [
					{
						"start": { "line": 48, "column": 4 },
						"end": { "line": 48, "column": 38 }
					}
				]
			},
			"12": {
				"loc": {
					"start": { "line": 48, "column": 8 },
					"end": { "line": 48, "column": 31 }
				},
				"type": "binary-expr",
				"locations": [
					{
						"start": { "line": 48, "column": 8 },
						"end": { "line": 48, "column": 11 }
					},
					{
						"start": { "line": 48, "column": 15 },
						"end": { "line": 48, "column": 31 }
					}
				]
			},
			"13": {
				"loc": {
					"start": { "line": 50, "column": 4 },
					"end": { "line": 50, "column": 124 }
				},
				"type": "if",
				"locations": [
					{
						"start": { "line": 50, "column": 4 },
						"end": { "line": 50, "column": 124 }
					}
				]
			},
			"14": {
				"loc": {
					"start": { "line": 50, "column": 40 },
					"end": { "line": 50, "column": 124 }
				},
				"type": "if",
				"locations": [
					{
						"start": { "line": 50, "column": 40 },
						"end": { "line": 50, "column": 124 }
					}
				]
			},
			"15": {
				"loc": {
					"start": { "line": 50, "column": 44 },
					"end": { "line": 50, "column": 69 }
				},
				"type": "binary-expr",
				"locations": [
					{
						"start": { "line": 50, "column": 44 },
						"end": { "line": 50, "column": 63 }
					},
					{
						"start": { "line": 50, "column": 63 },
						"end": { "line": 50, "column": 69 }
					}
				]
			},
			"16": {
				"loc": {
					"start": { "line": 1, "column": 35 },
					"end": { "line": 1, "column": 68 }
				},
				"type": "cond-expr",
				"locations": [
					{
						"start": { "line": 1, "column": 56 },
						"end": { "line": 1, "column": 64 }
					},
					{
						"start": { "line": 1, "column": 64 },
						"end": { "line": 1, "column": 68 }
					}
				]
			},
			"17": {
				"loc": {
					"start": { "line": 10, "column": 16 },
					"end": { "line": 10, "column": 22 }
				},
				"type": "binary-expr",
				"locations": [
					{
						"start": { "line": 10, "column": 16 },
						"end": { "line": 10, "column": 17 }
					},
					{
						"start": { "line": 10, "column": 22 },
						"end": { "line": 10, "column": 36 }
					}
				]
			},
			"18": {
				"loc": {
					"start": { "line": 13, "column": 32 },
					"end": { "line": 13, "column": 75 }
				},
				"type": "cond-expr",
				"locations": [
					{
						"start": { "line": 13, "column": 46 },
						"end": { "line": 13, "column": 54 }
					},
					{
						"start": { "line": 13, "column": 70 },
						"end": { "line": 13, "column": 75 }
					}
				]
			},
			"19": {
				"loc": {
					"start": { "line": 14, "column": 51 },
					"end": { "line": 14, "column": 70 }
				},
				"type": "binary-expr",
				"locations": [
					{
						"start": { "line": 14, "column": 51 },
						"end": { "line": 14, "column": 61 }
					},
					{
						"start": { "line": 14, "column": 65 },
						"end": { "line": 14, "column": 70 }
					}
				]
			},
			"20": {
				"loc": {
					"start": { "line": 17, "column": 19 },
					"end": { "line": 55, "column": null }
				},
				"type": "binary-expr",
				"locations": [
					{
						"start": { "line": 17, "column": 19 },
						"end": { "line": 17, "column": 27 }
					},
					{
						"start": { "line": 17, "column": 48 },
						"end": { "line": 55, "column": null }
					}
				]
			},
			"21": {
				"loc": {
					"start": { "line": 18, "column": 43 },
					"end": { "line": 18, "column": 63 }
				},
				"type": "if",
				"locations": [
					{
						"start": { "line": 18, "column": 43 },
						"end": { "line": 18, "column": 63 }
					}
				]
			},
			"22": {
				"loc": {
					"start": { "line": 19, "column": 71 },
					"end": { "line": 19, "column": 78 }
				},
				"type": "binary-expr",
				"locations": [
					{
						"start": { "line": 19, "column": 71 },
						"end": { "line": 19, "column": 104 }
					},
					{
						"start": { "line": 19, "column": 104 },
						"end": { "line": 19, "column": 155 }
					}
				]
			},
			"23": {
				"loc": {
					"start": { "line": 22, "column": 8 },
					"end": { "line": 22, "column": 21 }
				},
				"type": "if",
				"locations": [
					{
						"start": { "line": 22, "column": 8 },
						"end": { "line": 22, "column": 21 }
					}
				]
			},
			"24": {
				"loc": {
					"start": { "line": 24, "column": 12 },
					"end": { "line": 24, "column": 167 }
				},
				"type": "if",
				"locations": [
					{
						"start": { "line": 24, "column": 12 },
						"end": { "line": 24, "column": 167 }
					}
				]
			},
			"25": {
				"loc": {
					"start": { "line": 24, "column": 23 },
					"end": { "line": 24, "column": 160 }
				},
				"type": "binary-expr",
				"locations": [
					{
						"start": { "line": 24, "column": 23 },
						"end": { "line": 24, "column": 24 }
					},
					{
						"start": { "line": 24, "column": 29 },
						"end": { "line": 24, "column": 130 }
					},
					{
						"start": { "line": 24, "column": 130 },
						"end": { "line": 24, "column": 160 }
					}
				]
			},
			"26": {
				"loc": {
					"start": { "line": 24, "column": 33 },
					"end": { "line": 24, "column": 130 }
				},
				"type": "cond-expr",
				"locations": [
					{
						"start": { "line": 24, "column": 45 },
						"end": { "line": 24, "column": 47 }
					},
					{
						"start": { "line": 24, "column": 59 },
						"end": { "line": 24, "column": 130 }
					}
				]
			},
			"27": {
				"loc": {
					"start": { "line": 24, "column": 59 },
					"end": { "line": 24, "column": 130 }
				},
				"type": "cond-expr",
				"locations": [
					{
						"start": { "line": 24, "column": 67 },
						"end": { "line": 24, "column": 68 }
					},
					{
						"start": { "line": 24, "column": 119 },
						"end": { "line": 24, "column": 130 }
					}
				]
			},
			"28": {
				"loc": {
					"start": { "line": 24, "column": 67 },
					"end": { "line": 24, "column": 68 }
				},
				"type": "binary-expr",
				"locations": [
					{
						"start": { "line": 24, "column": 67 },
						"end": { "line": 24, "column": 69 }
					},
					{
						"start": { "line": 24, "column": 82 },
						"end": { "line": 24, "column": 119 }
					}
				]
			},
			"29": {
				"loc": {
					"start": { "line": 24, "column": 82 },
					"end": { "line": 24, "column": 104 }
				},
				"type": "binary-expr",
				"locations": [
					{
						"start": { "line": 24, "column": 83 },
						"end": { "line": 24, "column": 89 }
					},
					{
						"start": { "line": 24, "column": 103 },
						"end": { "line": 24, "column": 104 }
					}
				]
			},
			"30": {
				"loc": {
					"start": { "line": 25, "column": 12 },
					"end": { "line": 25, "column": 28 }
				},
				"type": "if",
				"locations": [
					{
						"start": { "line": 25, "column": 12 },
						"end": { "line": 25, "column": 28 }
					}
				]
			},
			"31": {
				"loc": {
					"start": { "line": 26, "column": 12 },
					"end": { "line": 26, "column": 20 }
				},
				"type": "switch",
				"locations": [
					{
						"start": { "line": 27, "column": 16 },
						"end": { "line": 27, "column": 21 }
					},
					{
						"start": { "line": 27, "column": 24 },
						"end": { "line": 27, "column": null }
					},
					{
						"start": { "line": 28, "column": 16 },
						"end": { "line": 28, "column": 42 }
					},
					{
						"start": { "line": 29, "column": 16 },
						"end": { "line": 29, "column": null }
					},
					{
						"start": { "line": 30, "column": 16 },
						"end": { "line": 30, "column": null }
					},
					{
						"start": { "line": 31, "column": 16 },
						"end": { "line": 37, "column": null }
					}
				]
			},
			"32": {
				"loc": {
					"start": { "line": 32, "column": 20 },
					"end": { "line": 32, "column": null }
				},
				"type": "if",
				"locations": [
					{
						"start": { "line": 32, "column": 20 },
						"end": { "line": 32, "column": null }
					}
				]
			},
			"33": {
				"loc": {
					"start": { "line": 32, "column": 24 },
					"end": { "line": 32, "column": 26 }
				},
				"type": "binary-expr",
				"locations": [
					{
						"start": { "line": 32, "column": 24 },
						"end": { "line": 32, "column": 26 }
					},
					{
						"start": { "line": 32, "column": 79 },
						"end": { "line": 32, "column": 94 }
					},
					{
						"start": { "line": 32, "column": 94 },
						"end": { "line": 32, "column": 108 }
					}
				]
			},
			"34": {
				"loc": {
					"start": { "line": 32, "column": 42 },
					"end": { "line": 32, "column": 60 }
				},
				"type": "binary-expr",
				"locations": [
					{
						"start": { "line": 32, "column": 42 },
						"end": { "line": 32, "column": 58 }
					},
					{
						"start": { "line": 32, "column": 58 },
						"end": { "line": 32, "column": 60 }
					}
				]
			},
			"35": {
				"loc": {
					"start": { "line": 33, "column": 20 },
					"end": { "line": 33, "column": null }
				},
				"type": "if",
				"locations": [
					{
						"start": { "line": 33, "column": 20 },
						"end": { "line": 33, "column": null }
					}
				]
			},
			"36": {
				"loc": {
					"start": { "line": 33, "column": 24 },
					"end": { "line": 33, "column": 26 }
				},
				"type": "binary-expr",
				"locations": [
					{
						"start": { "line": 33, "column": 24 },
						"end": { "line": 33, "column": 40 }
					},
					{
						"start": { "line": 33, "column": 40 },
						"end": { "line": 33, "column": 47 }
					},
					{
						"start": { "line": 33, "column": 47 },
						"end": { "line": 33, "column": 57 }
					},
					{
						"start": { "line": 33, "column": 63 },
						"end": { "line": 33, "column": 73 }
					}
				]
			},
			"37": {
				"loc": {
					"start": { "line": 34, "column": 20 },
					"end": { "line": 34, "column": null }
				},
				"type": "if",
				"locations": [
					{
						"start": { "line": 34, "column": 20 },
						"end": { "line": 34, "column": null }
					}
				]
			},
			"38": {
				"loc": {
					"start": { "line": 34, "column": 24 },
					"end": { "line": 34, "column": 51 }
				},
				"type": "binary-expr",
				"locations": [
					{
						"start": { "line": 34, "column": 24 },
						"end": { "line": 34, "column": 39 }
					},
					{
						"start": { "line": 34, "column": 39 },
						"end": { "line": 34, "column": 51 }
					}
				]
			},
			"39": {
				"loc": {
					"start": { "line": 35, "column": 20 },
					"end": { "line": 35, "column": null }
				},
				"type": "if",
				"locations": [
					{
						"start": { "line": 35, "column": 20 },
						"end": { "line": 35, "column": null }
					}
				]
			},
			"40": {
				"loc": {
					"start": { "line": 35, "column": 24 },
					"end": { "line": 35, "column": 41 }
				},
				"type": "binary-expr",
				"locations": [
					{
						"start": { "line": 35, "column": 24 },
						"end": { "line": 35, "column": 25 }
					},
					{
						"start": { "line": 35, "column": 29 },
						"end": { "line": 35, "column": 41 }
					}
				]
			},
			"41": {
				"loc": {
					"start": { "line": 36, "column": 20 },
					"end": { "line": 36, "column": 31 }
				},
				"type": "if",
				"locations": [
					{
						"start": { "line": 36, "column": 20 },
						"end": { "line": 36, "column": 31 }
					}
				]
			},
			"42": {
				"loc": {
					"start": { "line": 53, "column": 8 },
					"end": { "line": 53, "column": 29 }
				},
				"type": "if",
				"locations": [
					{
						"start": { "line": 53, "column": 8 },
						"end": { "line": 53, "column": 29 }
					}
				]
			},
			"43": {
				"loc": {
					"start": { "line": 53, "column": 52 },
					"end": { "line": 53, "column": 76 }
				},
				"type": "cond-expr",
				"locations": [
					{
						"start": { "line": 53, "column": 60 },
						"end": { "line": 53, "column": 63 }
					},
					{
						"start": { "line": 53, "column": 68 },
						"end": { "line": 53, "column": 76 }
					}
				]
			},
			"44": {
				"loc": {
					"start": { "line": 56, "column": 23 },
					"end": { "line": 58, "column": null }
				},
				"type": "binary-expr",
				"locations": [
					{
						"start": { "line": 56, "column": 23 },
						"end": { "line": 56, "column": 31 }
					},
					{
						"start": { "line": 56, "column": 56 },
						"end": { "line": 58, "column": null }
					}
				]
			},
			"45": {
				"loc": {
					"start": { "line": 57, "column": 12 },
					"end": { "line": 57, "column": 45 }
				},
				"type": "cond-expr",
				"locations": [
					{
						"start": { "line": 57, "column": 37 },
						"end": { "line": 57, "column": 43 }
					},
					{
						"start": { "line": 57, "column": 43 },
						"end": { "line": 57, "column": 45 }
					}
				]
			},
			"46": {
				"loc": {
					"start": { "line": 57, "column": 12 },
					"end": { "line": 57, "column": 37 }
				},
				"type": "binary-expr",
				"locations": [
					{
						"start": { "line": 57, "column": 12 },
						"end": { "line": 57, "column": 15 }
					},
					{
						"start": { "line": 57, "column": 19 },
						"end": { "line": 57, "column": 37 }
					}
				]
			}
		},
		"s": {
			"0": 1,
			"1": 0,
			"2": 0,
			"3": 0,
			"4": 0,
			"5": 0,
			"6": 0,
			"7": 0,
			"8": 0,
			"9": 0,
			"10": 0,
			"11": 1,
			"12": 0,
			"13": 0,
			"14": 1,
			"15": 1,
			"16": 1,
			"17": 0,
			"18": 0,
			"19": 0,
			"20": 0,
			"21": 0,
			"22": 1,
			"23": 0,
			"24": 1,
			"25": 0,
			"26": 0,
			"27": 0,
			"28": 0,
			"29": 0,
			"30": 0,
			"31": 1,
			"32": 1,
			"33": 1,
			"34": 1,
			"35": 0,
			"36": 0,
			"37": 0,
			"38": 1,
			"39": 0,
			"40": 3,
			"41": 1,
			"42": 1,
			"43": 0,
			"44": 1,
			"45": 2,
			"46": 2,
			"47": 0,
			"48": 2,
			"49": 0,
			"50": 2,
			"51": 1,
			"52": 1,
			"53": 1,
			"54": 1,
			"55": 0,
			"56": 0,
			"57": 0,
			"58": 0,
			"59": 0,
			"60": 0,
			"61": 0,
			"62": 0,
			"63": 0,
			"64": 0,
			"65": 0,
			"66": 0,
			"67": 0,
			"68": 0,
			"69": 0,
			"70": 0,
			"71": 0,
			"72": 0,
			"73": 0,
			"74": 0,
			"75": 0,
			"76": 0,
			"77": 0,
			"78": 0,
			"79": 0,
			"80": 1,
			"81": 0,
			"82": 0,
			"83": 2,
			"84": 0,
			"85": 0,
			"86": 0,
			"87": 1,
			"88": 3,
			"89": 1,
			"90": 1,
			"91": 1,
			"92": 1,
			"93": 1,
			"94": 1,
			"95": 1,
			"96": 1,
			"97": 1,
			"98": 6,
			"99": 6,
			"100": 6,
			"101": 6,
			"102": 6,
			"103": 6,
			"104": 6,
			"105": 6
		},
		"f": {
			"0": 0,
			"1": 0,
			"2": 0,
			"3": 0,
			"4": 0,
			"5": 1,
			"6": 1,
			"7": 0,
			"8": 1,
			"9": 0,
			"10": 0,
			"11": 1,
			"12": 1,
			"13": 0,
			"14": 0,
			"15": 3,
			"16": 1,
			"17": 1,
			"18": 3
		},
		"b": {
			"0": [1, 1],
			"1": [1, 0],
			"2": [0],
			"3": [0],
			"4": [0, 0],
			"5": [0, 0],
			"6": [0, 0],
			"7": [0],
			"8": [1, 1],
			"9": [1, 0],
			"10": [1, 1],
			"11": [1],
			"12": [1, 1],
			"13": [0],
			"14": [0],
			"15": [0, 0],
			"16": [1, 0],
			"17": [1, 1],
			"18": [0, 1],
			"19": [1, 1],
			"20": [1, 1],
			"21": [0],
			"22": [1, 1],
			"23": [0],
			"24": [0],
			"25": [2, 0, 0],
			"26": [0, 0],
			"27": [0, 0],
			"28": [0, 0],
			"29": [0, 0],
			"30": [0],
			"31": [1, 1, 1, 0, 0, 0],
			"32": [0],
			"33": [0, 0, 0],
			"34": [0, 0],
			"35": [0],
			"36": [0, 0, 0, 0],
			"37": [0],
			"38": [0, 0],
			"39": [0],
			"40": [0, 0],
			"41": [0],
			"42": [0],
			"43": [0, 0],
			"44": [1, 1],
			"45": [2, 1],
			"46": [3, 3]
		}
	}
}
