{
	"/home/ofplarsen/NTNU/DataIng2023/Spring2022/Sys2/idatt2016_v22_01/idatt2106-v22-01-frontend/src/components/Base/BaseModal.vue": {
		"path": "/home/ofplarsen/NTNU/DataIng2023/Spring2022/Sys2/idatt2016_v22_01/idatt2106-v22-01-frontend/src/components/Base/BaseModal.vue",
		"statementMap": {
			"0": {
				"start": { "line": 8, "column": 0 },
				"end": { "line": 8, "column": 6 }
			},
			"1": {
				"start": { "line": 9, "column": 12 },
				"end": { "line": 9, "column": 20 }
			},
			"2": {
				"start": { "line": 10, "column": 0 },
				"end": { "line": 10, "column": 7 }
			},
			"3": {
				"start": { "line": 1, "column": 8 },
				"end": { "line": 1, "column": 15 }
			}
		},
		"fnMap": {},
		"branchMap": {},
		"s": { "0": 1, "1": 1, "2": 1, "3": 2 },
		"f": {},
		"b": {}
	}
}
