TN:
SF:src/components/Base/BaseBtn.vue
FNF:0
FNH:0
DA:1,0
DA:2,1
DA:3,1
DA:4,1
DA:5,1
DA:11,0
DA:12,0
DA:13,0
LF:8
LH:4
BRF:0
BRH:0
end_of_record
TN:
SF:src/components/Base/BaseInput.vue
FN:8,(anonymous_1)
FNF:1
FNH:0
FNDA:0,(anonymous_1)
DA:1,6
DA:8,6
DA:9,0
DA:11,6
DA:12,6
DA:13,6
LF:6
LH:5
BRF:0
BRH:0
end_of_record
TN:
SF:src/components/Base/BaseModal.vue
FNF:0
FNH:0
DA:1,2
DA:8,1
DA:9,1
DA:10,1
LF:4
LH:4
BRF:0
BRH:0
end_of_record
TN:
SF:src/pages/UserRegister.vue
FN:2,(anonymous_0)
FN:6,(anonymous_1)
FN:9,(anonymous_2)
FN:42,(anonymous_3)
FN:44,(anonymous_4)
FN:47,(anonymous_5)
FN:1,adopt
FN:1,(anonymous_8)
FN:10,(anonymous_9)
FN:11,fulfilled
FN:12,rejected
FN:13,step
FN:17,(anonymous_13)
FN:18,(anonymous_14)
FN:19,(anonymous_15)
FN:20,verb
FN:20,(anonymous_17)
FN:21,step
FN:56,(anonymous_19)
FNF:19
FNH:9
FNDA:0,(anonymous_0)
FNDA:0,(anonymous_1)
FNDA:0,(anonymous_2)
FNDA:0,(anonymous_3)
FNDA:0,(anonymous_4)
FNDA:1,(anonymous_5)
FNDA:1,adopt
FNDA:0,(anonymous_8)
FNDA:1,(anonymous_9)
FNDA:0,fulfilled
FNDA:0,rejected
FNDA:1,step
FNDA:1,(anonymous_13)
FNDA:0,(anonymous_14)
FNDA:0,(anonymous_15)
FNDA:3,verb
FNDA:1,(anonymous_17)
FNDA:1,step
FNDA:3,(anonymous_19)
DA:1,1
DA:2,1
DA:3,0
DA:4,0
DA:5,0
DA:6,0
DA:8,0
DA:10,1
DA:11,0
DA:12,0
DA:13,1
DA:14,1
DA:17,1
DA:18,1
DA:19,1
DA:20,3
DA:22,1
DA:23,2
DA:24,2
DA:25,2
DA:26,2
DA:27,1
DA:28,1
DA:29,0
DA:30,0
DA:32,0
DA:33,0
DA:34,0
DA:35,0
DA:36,0
DA:37,0
DA:39,0
DA:40,0
DA:42,1
DA:43,0
DA:45,0
DA:47,1
DA:48,1
DA:49,0
DA:50,0
DA:51,1
DA:52,2
DA:53,0
DA:56,1
DA:57,3
DA:59,1
DA:60,1
DA:61,1
DA:62,1
DA:63,1
DA:64,1
DA:65,1
DA:66,1
DA:67,1
DA:69,6
DA:70,6
DA:71,6
DA:82,6
DA:86,6
DA:87,6
DA:88,6
DA:89,6
LF:62
LH:40
BRDA:2,0,0,1
BRDA:2,0,1,1
BRDA:2,1,0,1
BRDA:2,1,1,0
BRDA:3,2,0,0
BRDA:5,3,0,0
BRDA:5,4,0,0
BRDA:5,4,1,0
BRDA:5,5,0,0
BRDA:5,5,1,0
BRDA:5,6,0,0
BRDA:5,6,1,0
BRDA:39,7,0,0
BRDA:42,8,0,1
BRDA:42,8,1,1
BRDA:42,9,0,1
BRDA:42,9,1,0
BRDA:47,10,0,1
BRDA:47,10,1,1
BRDA:48,11,0,1
BRDA:48,12,0,1
BRDA:48,12,1,1
BRDA:50,13,0,0
BRDA:50,14,0,0
BRDA:50,15,0,0
BRDA:50,15,1,0
BRDA:1,16,0,1
BRDA:1,16,1,0
BRDA:10,17,0,1
BRDA:10,17,1,1
BRDA:13,18,0,0
BRDA:13,18,1,1
BRDA:14,19,0,1
BRDA:14,19,1,1
BRDA:17,20,0,1
BRDA:17,20,1,1
BRDA:18,21,0,0
BRDA:19,22,0,1
BRDA:19,22,1,1
BRDA:22,23,0,0
BRDA:24,24,0,0
BRDA:24,25,0,2
BRDA:24,25,1,0
BRDA:24,25,2,0
BRDA:24,26,0,0
BRDA:24,26,1,0
BRDA:24,27,0,0
BRDA:24,27,1,0
BRDA:24,28,0,0
BRDA:24,28,1,0
BRDA:24,29,0,0
BRDA:24,29,1,0
BRDA:25,30,0,0
BRDA:26,31,0,1
BRDA:26,31,1,1
BRDA:26,31,2,1
BRDA:26,31,3,0
BRDA:26,31,4,0
BRDA:26,31,5,0
BRDA:32,32,0,0
BRDA:32,33,0,0
BRDA:32,33,1,0
BRDA:32,33,2,0
BRDA:32,34,0,0
BRDA:32,34,1,0
BRDA:33,35,0,0
BRDA:33,36,0,0
BRDA:33,36,1,0
BRDA:33,36,2,0
BRDA:33,36,3,0
BRDA:34,37,0,0
BRDA:34,38,0,0
BRDA:34,38,1,0
BRDA:35,39,0,0
BRDA:35,40,0,0
BRDA:35,40,1,0
BRDA:36,41,0,0
BRDA:53,42,0,0
BRDA:53,43,0,0
BRDA:53,43,1,0
BRDA:56,44,0,1
BRDA:56,44,1,1
BRDA:57,45,0,2
BRDA:57,45,1,1
BRDA:57,46,0,3
BRDA:57,46,1,3
BRF:86
BRH:31
end_of_record
