TN:
SF:src\App.vue
FN:3,(anonymous_0)
FNF:1
FNH:0
FNDA:0,(anonymous_0)
DA:1,0
DA:2,0
DA:3,0
LF:3
LH:0
BRDA:3,0,0,0
BRDA:3,0,1,0
BRF:2
BRH:0
end_of_record
TN:
SF:src\components\Card.vue
FNF:0
FNH:0
DA:2,0
DA:3,0
DA:4,0
DA:5,0
DA:9,0
DA:10,0
DA:11,0
LF:7
LH:0
BRF:0
BRH:0
end_of_record
TN:
SF:src\components\ImageCarousel.vue
FNF:0
FNH:0
DA:2,0
DA:3,0
DA:4,0
LF:3
LH:0
BRF:0
BRH:0
end_of_record
TN:
SF:src\components\ItemInfo.vue
FN:2,(anonymous_0)
FN:14,(anonymous_1)
FN:18,randomCenter
FN:25,(anonymous_3)
FNF:4
FNH:0
FNDA:0,(anonymous_0)
FNDA:0,(anonymous_1)
FNDA:0,randomCenter
FNDA:0,(anonymous_3)
DA:2,0
DA:3,0
DA:5,0
DA:6,0
DA:7,0
DA:8,0
DA:9,0
DA:10,0
DA:15,0
DA:16,0
DA:17,0
DA:19,0
DA:23,0
DA:25,0
DA:29,0
DA:30,0
DA:31,0
LF:17
LH:0
BRDA:2,0,0,0
BRDA:2,0,1,0
BRDA:3,1,0,0
BRDA:3,1,1,0
BRDA:3,2,0,0
BRDA:3,2,1,0
BRF:6
BRH:0
end_of_record
TN:
SF:src\components\ItemList.vue
FN:2,(anonymous_0)
FN:24,(anonymous_2)
FNF:2
FNH:1
FNDA:1,(anonymous_0)
FNDA:0,(anonymous_2)
DA:2,1
DA:3,1
DA:5,1
DA:6,1
DA:7,1
DA:8,1
DA:21,0
DA:22,0
DA:23,0
DA:24,0
DA:25,0
LF:11
LH:6
BRDA:2,0,0,1
BRDA:2,0,1,1
BRDA:3,1,0,1
BRDA:3,1,1,0
BRDA:3,2,0,1
BRDA:3,2,1,1
BRF:6
BRH:5
end_of_record
TN:
SF:src\components\NavBar.vue
FNF:0
FNH:0
DA:2,0
DA:3,0
DA:4,0
DA:5,0
DA:6,0
DA:8,0
DA:9,0
DA:10,0
LF:8
LH:0
BRF:0
BRH:0
end_of_record
TN:
SF:src\components\RateUserPopup.vue
FN:2,(anonymous_0)
FNF:1
FNH:0
FNDA:0,(anonymous_0)
DA:2,0
DA:3,0
DA:5,0
DA:6,0
DA:7,0
DA:8,0
DA:9,0
DA:10,0
DA:11,0
DA:17,0
DA:18,0
DA:19,0
DA:20,0
LF:13
LH:0
BRDA:2,0,0,0
BRDA:2,0,1,0
BRDA:3,1,0,0
BRDA:3,1,1,0
BRDA:3,2,0,0
BRDA:3,2,1,0
BRF:6
BRH:0
end_of_record
TN:
SF:src\components\SearchbarAndButton.vue
FN:2,(anonymous_0)
FN:5,(anonymous_3)
FNF:2
FNH:1
FNDA:2,(anonymous_0)
FNDA:0,(anonymous_3)
DA:2,1
DA:3,2
DA:5,0
DA:6,0
DA:8,0
DA:9,0
DA:10,0
DA:12,1
DA:13,1
DA:14,1
LF:10
LH:5
BRDA:2,0,0,1
BRDA:2,0,1,1
BRDA:3,1,0,2
BRDA:3,1,1,0
BRDA:3,2,0,2
BRDA:3,2,1,2
BRF:6
BRH:5
end_of_record
TN:
SF:src\components\SortDropdown.vue
FN:2,(anonymous_0)
FNF:1
FNH:1
FNDA:1,(anonymous_0)
DA:2,1
DA:3,1
DA:5,1
DA:6,1
DA:7,1
DA:8,1
LF:6
LH:6
BRDA:2,0,0,1
BRDA:2,0,1,1
BRDA:3,1,0,1
BRDA:3,1,1,0
BRDA:3,2,0,1
BRDA:3,2,1,1
BRF:6
BRH:5
end_of_record
TN:
SF:src\components\TagList.vue
FNF:0
FNH:0
DA:2,1
DA:3,1
DA:4,1
DA:5,1
DA:12,0
LF:5
LH:4
BRF:0
BRH:0
end_of_record
TN:
SF:src\components\UserCard.vue
FN:2,(anonymous_0)
FNF:1
FNH:0
FNDA:0,(anonymous_0)
DA:2,0
DA:3,0
DA:5,0
DA:6,0
DA:7,0
DA:8,0
DA:9,0
DA:15,0
DA:16,0
DA:17,0
DA:18,0
DA:19,0
LF:12
LH:0
BRDA:2,0,0,0
BRDA:2,0,1,0
BRDA:3,1,0,0
BRDA:3,1,1,0
BRDA:3,2,0,0
BRDA:3,2,1,0
BRF:6
BRH:0
end_of_record
TN:
SF:src\components\base\BaseBtn.vue
FNF:0
FNH:0
DA:1,0
DA:2,1
DA:3,1
DA:4,1
DA:5,1
DA:11,0
DA:12,0
DA:13,0
LF:8
LH:4
BRF:0
BRH:0
end_of_record
TN:
SF:src\components\base\BaseDropdown.vue
FNF:0
FNH:0
DA:2,2
DA:3,2
DA:4,2
LF:3
LH:3
BRF:0
BRH:0
end_of_record
TN:
SF:src\components\base\BaseInput.vue
FN:2,(anonymous_0)
FN:12,(anonymous_2)
FNF:2
FNH:1
FNDA:2,(anonymous_0)
FNDA:0,(anonymous_2)
DA:2,2
DA:9,6
DA:10,6
DA:11,6
DA:12,6
DA:13,0
DA:15,6
LF:7
LH:6
BRDA:2,0,0,2
BRDA:2,0,1,2
BRF:2
BRH:2
end_of_record
TN:
SF:src\components\base\BaseLabel.vue
FNF:0
FNH:0
DA:1,6
DA:4,6
LF:2
LH:2
BRF:0
BRH:0
end_of_record
TN:
SF:src\components\base\BasePopup.vue
FN:2,(anonymous_0)
FNF:1
FNH:0
FNDA:0,(anonymous_0)
DA:2,0
DA:3,0
LF:2
LH:0
BRDA:2,0,0,0
BRDA:2,0,1,0
BRDA:3,1,0,0
BRDA:3,1,1,0
BRDA:3,2,0,0
BRDA:3,2,1,0
BRF:6
BRH:0
end_of_record
TN:
SF:src\components\base\FloatingBtn.vue
FNF:0
FNH:0
DA:2,0
DA:3,0
DA:4,0
DA:5,0
LF:4
LH:0
BRF:0
BRH:0
end_of_record
TN:
SF:src\components\chat\Message.vue
FNF:0
FNH:0
DA:2,0
DA:3,0
DA:4,0
LF:3
LH:0
BRF:0
BRH:0
end_of_record
TN:
SF:src\components\chat\MessageContainer.vue
FN:2,(anonymous_0)
FN:21,(anonymous_2)
FN:26,(anonymous_3)
FN:29,(anonymous_4)
FN:32,styleType
FNF:5
FNH:0
FNDA:0,(anonymous_0)
FNDA:0,(anonymous_2)
FNDA:0,(anonymous_3)
FNDA:0,(anonymous_4)
FNDA:0,styleType
DA:2,0
DA:3,0
DA:5,0
DA:6,0
DA:7,0
DA:8,0
DA:9,0
DA:10,0
DA:18,0
DA:19,0
DA:20,0
DA:21,0
DA:22,0
DA:23,0
DA:24,0
DA:26,0
DA:27,0
DA:29,0
DA:30,0
DA:33,0
DA:35,0
DA:37,0
DA:39,0
DA:42,0
DA:43,0
DA:44,0
LF:26
LH:0
BRDA:2,0,0,0
BRDA:2,0,1,0
BRDA:3,1,0,0
BRDA:3,1,1,0
BRDA:3,2,0,0
BRDA:3,2,1,0
BRDA:23,3,0,0
BRDA:33,4,0,0
BRDA:33,4,1,0
BRDA:33,4,2,0
BRF:10
BRH:0
end_of_record
TN:
SF:src\components\chat\Receipt.vue
FN:2,(anonymous_0)
FN:19,(anonymous_2)
FN:22,(anonymous_3)
FNF:3
FNH:0
FNDA:0,(anonymous_0)
FNDA:0,(anonymous_2)
FNDA:0,(anonymous_3)
DA:2,0
DA:3,0
DA:5,0
DA:6,0
DA:7,0
DA:8,0
DA:16,0
DA:17,0
DA:18,0
DA:19,0
DA:20,0
DA:22,0
LF:12
LH:0
BRDA:2,0,0,0
BRDA:2,0,1,0
BRDA:3,1,0,0
BRDA:3,1,1,0
BRDA:3,2,0,0
BRDA:3,2,1,0
BRF:6
BRH:0
end_of_record
TN:
SF:src\pages\Chat.vue
FN:2,(anonymous_0)
FN:3,adopt
FN:3,(anonymous_2)
FN:4,(anonymous_3)
FN:5,fulfilled
FN:6,rejected
FN:7,step
FN:11,(anonymous_7)
FN:12,(anonymous_8)
FN:13,(anonymous_9)
FN:14,verb
FN:14,(anonymous_11)
FN:15,step
FN:40,(anonymous_13)
FN:59,(anonymous_14)
FN:66,connect
FN:74,onConnected
FN:94,sendLoanRequestWS
FN:96,(anonymous_20)
FN:98,(anonymous_21)
FN:113,(anonymous_22)
FN:135,(anonymous_23)
FN:146,sendLoanAccept
FN:148,(anonymous_25)
FN:150,(anonymous_26)
FN:168,(anonymous_27)
FN:171,(anonymous_28)
FN:188,sendLoanDecline
FN:190,(anonymous_30)
FN:192,(anonymous_31)
FN:196,(anonymous_32)
FN:197,(anonymous_33)
FN:224,onLoanAccept
FN:226,(anonymous_35)
FN:228,(anonymous_36)
FN:253,(anonymous_37)
FN:267,onRequestReceived
FN:317,onMessageReceived
FN:340,(anonymous_40)
FN:340,(anonymous_41)
FN:342,(anonymous_42)
FN:346,(anonymous_43)
FN:349,(anonymous_44)
FN:357,(anonymous_45)
FN:360,(anonymous_46)
FN:367,(anonymous_47)
FN:381,(anonymous_48)
FN:385,(anonymous_49)
FN:393,(anonymous_50)
FN:423,(anonymous_51)
FN:434,(anonymous_52)
FN:449,sendLoanRequest
FN:457,handleLoanRequest
FN:480,reRenderChat
FNF:54
FNH:0
FNDA:0,(anonymous_0)
FNDA:0,adopt
FNDA:0,(anonymous_2)
FNDA:0,(anonymous_3)
FNDA:0,fulfilled
FNDA:0,rejected
FNDA:0,step
FNDA:0,(anonymous_7)
FNDA:0,(anonymous_8)
FNDA:0,(anonymous_9)
FNDA:0,verb
FNDA:0,(anonymous_11)
FNDA:0,step
FNDA:0,(anonymous_13)
FNDA:0,(anonymous_14)
FNDA:0,connect
FNDA:0,onConnected
FNDA:0,sendLoanRequestWS
FNDA:0,(anonymous_20)
FNDA:0,(anonymous_21)
FNDA:0,(anonymous_22)
FNDA:0,(anonymous_23)
FNDA:0,sendLoanAccept
FNDA:0,(anonymous_25)
FNDA:0,(anonymous_26)
FNDA:0,(anonymous_27)
FNDA:0,(anonymous_28)
FNDA:0,sendLoanDecline
FNDA:0,(anonymous_30)
FNDA:0,(anonymous_31)
FNDA:0,(anonymous_32)
FNDA:0,(anonymous_33)
FNDA:0,onLoanAccept
FNDA:0,(anonymous_35)
FNDA:0,(anonymous_36)
FNDA:0,(anonymous_37)
FNDA:0,onRequestReceived
FNDA:0,onMessageReceived
FNDA:0,(anonymous_40)
FNDA:0,(anonymous_41)
FNDA:0,(anonymous_42)
FNDA:0,(anonymous_43)
FNDA:0,(anonymous_44)
FNDA:0,(anonymous_45)
FNDA:0,(anonymous_46)
FNDA:0,(anonymous_47)
FNDA:0,(anonymous_48)
FNDA:0,(anonymous_49)
FNDA:0,(anonymous_50)
FNDA:0,(anonymous_51)
FNDA:0,(anonymous_52)
FNDA:0,sendLoanRequest
FNDA:0,handleLoanRequest
FNDA:0,reRenderChat
DA:1,0
DA:2,0
DA:3,0
DA:4,0
DA:5,0
DA:6,0
DA:7,0
DA:8,0
DA:11,0
DA:12,0
DA:13,0
DA:14,0
DA:16,0
DA:17,0
DA:19,0
DA:20,0
DA:21,0
DA:22,0
DA:23,0
DA:24,0
DA:25,0
DA:26,0
DA:28,0
DA:29,0
DA:30,0
DA:31,0
DA:32,0
DA:33,0
DA:35,0
DA:36,0
DA:37,0
DA:40,0
DA:41,0
DA:43,0
DA:44,0
DA:45,0
DA:46,0
DA:47,0
DA:48,0
DA:49,0
DA:50,0
DA:51,0
DA:53,0
DA:54,0
DA:55,0
DA:56,0
DA:57,0
DA:58,0
DA:60,0
DA:61,0
DA:62,0
DA:63,0
DA:64,0
DA:67,0
DA:68,0
DA:69,0
DA:76,0
DA:77,0
DA:78,0
DA:85,0
DA:86,0
DA:87,0
DA:89,0
DA:96,0
DA:98,0
DA:99,0
DA:101,0
DA:102,0
DA:103,0
DA:110,0
DA:111,0
DA:115,0
DA:116,0
DA:117,0
DA:118,0
DA:119,0
DA:120,0
DA:121,0
DA:122,0
DA:123,0
DA:124,0
DA:125,0
DA:132,0
DA:136,0
DA:139,0
DA:140,0
DA:141,0
DA:148,0
DA:150,0
DA:151,0
DA:153,0
DA:154,0
DA:155,0
DA:156,0
DA:165,0
DA:166,0
DA:169,0
DA:172,0
DA:175,0
DA:176,0
DA:177,0
DA:179,0
DA:180,0
DA:181,0
DA:182,0
DA:183,0
DA:190,0
DA:192,0
DA:193,0
DA:194,0
DA:198,0
DA:201,0
DA:202,0
DA:203,0
DA:204,0
DA:212,0
DA:214,0
DA:215,0
DA:226,0
DA:228,0
DA:229,0
DA:230,0
DA:231,0
DA:240,0
DA:242,0
DA:243,0
DA:244,0
DA:247,0
DA:248,0
DA:249,0
DA:250,0
DA:251,0
DA:252,0
DA:253,0
DA:254,0
DA:258,0
DA:259,0
DA:269,0
DA:270,0
DA:271,0
DA:280,0
DA:282,0
DA:283,0
DA:284,0
DA:285,0
DA:286,0
DA:287,0
DA:288,0
DA:289,0
DA:290,0
DA:291,0
DA:293,0
DA:294,0
DA:303,0
DA:304,0
DA:305,0
DA:308,0
DA:309,0
DA:311,0
DA:319,0
DA:320,0
DA:328,0
DA:329,0
DA:332,0
DA:333,0
DA:335,0
DA:340,0
DA:342,0
DA:343,0
DA:344,0
DA:347,0
DA:350,0
DA:351,0
DA:354,0
DA:355,0
DA:359,0
DA:360,0
DA:362,0
DA:363,0
DA:365,0
DA:369,0
DA:370,0
DA:373,0
DA:374,0
DA:375,0
DA:382,0
DA:383,0
DA:387,0
DA:388,0
DA:391,0
DA:395,0
DA:396,0
DA:397,0
DA:406,0
DA:407,0
DA:418,0
DA:419,0
DA:420,0
DA:422,0
DA:423,0
DA:424,0
DA:425,0
DA:426,0
DA:428,0
DA:429,0
DA:430,0
DA:431,0
DA:435,0
DA:436,0
DA:440,0
DA:441,0
DA:443,0
DA:444,0
DA:445,0
DA:450,0
DA:451,0
DA:452,0
DA:454,0
DA:455,0
DA:458,0
DA:459,0
DA:460,0
DA:463,0
DA:464,0
DA:465,0
DA:468,0
DA:469,0
DA:470,0
DA:471,0
DA:472,0
DA:473,0
DA:474,0
DA:475,0
DA:476,0
DA:477,0
DA:478,0
DA:479,0
DA:481,0
DA:483,0
DA:484,0
DA:485,0
DA:492,0
DA:495,0
LF:243
LH:0
BRDA:2,0,0,0
BRDA:2,0,1,0
BRDA:3,1,0,0
BRDA:3,1,1,0
BRDA:4,2,0,0
BRDA:4,2,1,0
BRDA:7,3,0,0
BRDA:7,3,1,0
BRDA:8,4,0,0
BRDA:8,4,1,0
BRDA:11,5,0,0
BRDA:11,5,1,0
BRDA:12,6,0,0
BRDA:13,7,0,0
BRDA:13,7,1,0
BRDA:16,8,0,0
BRDA:20,9,0,0
BRDA:20,10,0,0
BRDA:20,10,1,0
BRDA:20,10,2,0
BRDA:20,11,0,0
BRDA:20,11,1,0
BRDA:20,12,0,0
BRDA:20,12,1,0
BRDA:20,13,0,0
BRDA:20,13,1,0
BRDA:20,14,0,0
BRDA:20,14,1,0
BRDA:21,15,0,0
BRDA:22,16,0,0
BRDA:22,16,1,0
BRDA:22,16,2,0
BRDA:22,16,3,0
BRDA:22,16,4,0
BRDA:22,16,5,0
BRDA:28,17,0,0
BRDA:28,18,0,0
BRDA:28,18,1,0
BRDA:28,18,2,0
BRDA:28,19,0,0
BRDA:28,19,1,0
BRDA:29,20,0,0
BRDA:29,21,0,0
BRDA:29,21,1,0
BRDA:29,21,2,0
BRDA:29,21,3,0
BRDA:30,22,0,0
BRDA:30,23,0,0
BRDA:30,23,1,0
BRDA:31,24,0,0
BRDA:31,25,0,0
BRDA:31,25,1,0
BRDA:32,26,0,0
BRDA:37,27,0,0
BRDA:37,28,0,0
BRDA:37,28,1,0
BRDA:40,29,0,0
BRDA:40,29,1,0
BRDA:41,30,0,0
BRDA:41,30,1,0
BRDA:41,31,0,0
BRDA:41,31,1,0
BRDA:77,32,0,0
BRDA:77,32,1,0
BRDA:77,33,0,0
BRDA:77,33,1,0
BRDA:78,34,0,0
BRDA:78,34,1,0
BRDA:78,35,0,0
BRDA:78,35,1,0
BRDA:492,36,0,0
BRDA:492,36,1,0
BRDA:492,37,0,0
BRDA:492,37,1,0
BRDA:1,38,0,0
BRDA:18,39,0,0
BRDA:18,39,1,0
BRDA:18,40,0,0
BRDA:18,40,1,0
BRDA:83,41,0,0
BRDA:83,41,1,0
BRDA:83,42,0,0
BRDA:83,42,1,0
BRDA:86,43,0,0
BRDA:86,43,1,0
BRDA:86,44,0,0
BRDA:86,44,1,0
BRDA:99,45,0,0
BRDA:99,45,1,0
BRDA:99,45,2,0
BRDA:102,46,0,0
BRDA:102,47,0,0
BRDA:102,47,1,0
BRDA:102,47,2,0
BRDA:102,48,0,0
BRDA:102,48,1,0
BRDA:102,49,0,0
BRDA:102,49,1,0
BRDA:102,50,0,0
BRDA:102,50,1,0
BRDA:102,51,0,0
BRDA:102,51,1,0
BRDA:104,52,0,0
BRDA:104,52,1,0
BRDA:104,53,0,0
BRDA:104,53,1,0
BRDA:105,54,0,0
BRDA:105,54,1,0
BRDA:105,55,0,0
BRDA:105,55,1,0
BRDA:106,56,0,0
BRDA:106,56,1,0
BRDA:106,57,0,0
BRDA:106,57,1,0
BRDA:110,58,0,0
BRDA:110,58,1,0
BRDA:110,59,0,0
BRDA:110,59,1,0
BRDA:119,60,0,0
BRDA:119,61,0,0
BRDA:119,61,1,0
BRDA:119,61,2,0
BRDA:119,62,0,0
BRDA:119,62,1,0
BRDA:119,63,0,0
BRDA:119,63,1,0
BRDA:120,64,0,0
BRDA:120,64,1,0
BRDA:120,65,0,0
BRDA:120,65,1,0
BRDA:132,66,0,0
BRDA:132,66,1,0
BRDA:132,67,0,0
BRDA:132,67,1,0
BRDA:151,68,0,0
BRDA:151,68,1,0
BRDA:151,68,2,0
BRDA:151,68,3,0
BRDA:153,69,0,0
BRDA:154,70,0,0
BRDA:154,71,0,0
BRDA:154,71,1,0
BRDA:154,72,0,0
BRDA:154,72,1,0
BRDA:154,73,0,0
BRDA:154,73,1,0
BRDA:154,74,0,0
BRDA:154,74,1,0
BRDA:154,75,0,0
BRDA:154,75,1,0
BRDA:158,76,0,0
BRDA:158,76,1,0
BRDA:158,77,0,0
BRDA:158,77,1,0
BRDA:161,78,0,0
BRDA:161,78,1,0
BRDA:161,79,0,0
BRDA:161,79,1,0
BRDA:179,80,0,0
BRDA:179,80,1,0
BRDA:179,81,0,0
BRDA:179,81,1,0
BRDA:179,82,0,0
BRDA:179,82,1,0
BRDA:179,83,0,0
BRDA:179,83,1,0
BRDA:193,84,0,0
BRDA:193,84,1,0
BRDA:195,85,0,0
BRDA:195,85,1,0
BRDA:195,86,0,0
BRDA:195,86,1,0
BRDA:202,87,0,0
BRDA:202,87,1,0
BRDA:202,88,0,0
BRDA:202,88,1,0
BRDA:203,89,0,0
BRDA:203,90,0,0
BRDA:203,90,1,0
BRDA:203,91,0,0
BRDA:203,91,1,0
BRDA:203,92,0,0
BRDA:203,92,1,0
BRDA:205,93,0,0
BRDA:205,93,1,0
BRDA:205,94,0,0
BRDA:205,94,1,0
BRDA:206,95,0,0
BRDA:206,95,1,0
BRDA:206,96,0,0
BRDA:206,96,1,0
BRDA:240,97,0,0
BRDA:240,98,0,0
BRDA:240,98,1,0
BRDA:240,99,0,0
BRDA:240,99,1,0
BRDA:242,100,0,0
BRDA:242,101,0,0
BRDA:242,101,1,0
BRDA:248,102,0,0
BRDA:248,103,0,0
BRDA:248,103,1,0
BRDA:252,104,0,0
BRDA:253,105,0,0
BRDA:253,105,1,0
BRDA:253,106,0,0
BRDA:253,106,1,0
BRDA:282,107,0,0
BRDA:282,107,1,0
BRDA:282,108,0,0
BRDA:282,108,1,0
BRDA:282,109,0,0
BRDA:282,109,1,0
BRDA:284,110,0,0
BRDA:284,110,1,0
BRDA:293,111,0,0
BRDA:293,112,0,0
BRDA:293,112,1,0
BRDA:293,113,0,0
BRDA:293,113,1,0
BRDA:295,114,0,0
BRDA:295,114,1,0
BRDA:295,115,0,0
BRDA:295,115,1,0
BRDA:305,116,0,0
BRDA:305,116,1,0
BRDA:305,117,0,0
BRDA:305,117,1,0
BRDA:309,118,0,0
BRDA:309,118,1,0
BRDA:309,119,0,0
BRDA:309,119,1,0
BRDA:326,120,0,0
BRDA:326,120,1,0
BRDA:326,121,0,0
BRDA:326,121,1,0
BRDA:328,122,0,0
BRDA:328,122,1,0
BRDA:328,123,0,0
BRDA:328,123,1,0
BRDA:328,124,0,0
BRDA:328,124,1,0
BRDA:329,125,0,0
BRDA:329,125,1,0
BRDA:329,126,0,0
BRDA:329,126,1,0
BRDA:333,127,0,0
BRDA:333,127,1,0
BRDA:333,128,0,0
BRDA:333,128,1,0
BRDA:343,129,0,0
BRDA:343,129,1,0
BRDA:343,129,2,0
BRDA:343,129,3,0
BRDA:343,129,4,0
BRDA:343,129,5,0
BRDA:343,129,6,0
BRDA:356,130,0,0
BRDA:356,130,1,0
BRDA:356,131,0,0
BRDA:356,131,1,0
BRDA:360,132,0,0
BRDA:360,132,1,0
BRDA:360,133,0,0
BRDA:360,133,1,0
BRDA:362,134,0,0
BRDA:362,134,1,0
BRDA:362,135,0,0
BRDA:362,135,1,0
BRDA:365,136,0,0
BRDA:365,136,1,0
BRDA:365,137,0,0
BRDA:365,137,1,0
BRDA:374,138,0,0
BRDA:374,139,0,0
BRDA:374,139,1,0
BRDA:374,140,0,0
BRDA:374,140,1,0
BRDA:378,141,0,0
BRDA:378,141,1,0
BRDA:378,142,0,0
BRDA:378,142,1,0
BRDA:392,143,0,0
BRDA:392,143,1,0
BRDA:392,144,0,0
BRDA:392,144,1,0
BRDA:396,145,0,0
BRDA:396,146,0,0
BRDA:396,146,1,0
BRDA:396,147,0,0
BRDA:396,147,1,0
BRDA:398,148,0,0
BRDA:398,148,1,0
BRDA:398,149,0,0
BRDA:398,149,1,0
BRDA:406,150,0,0
BRDA:411,151,0,0
BRDA:411,151,1,0
BRDA:411,152,0,0
BRDA:411,152,1,0
BRDA:414,153,0,0
BRDA:414,153,1,0
BRDA:414,154,0,0
BRDA:414,154,1,0
BRDA:415,155,0,0
BRDA:415,155,1,0
BRDA:415,156,0,0
BRDA:415,156,1,0
BRDA:416,157,0,0
BRDA:416,157,1,0
BRDA:416,158,0,0
BRDA:416,158,1,0
BRDA:418,159,0,0
BRDA:418,160,0,0
BRDA:418,160,1,0
BRDA:420,161,0,0
BRDA:420,161,1,0
BRDA:420,162,0,0
BRDA:420,162,1,0
BRDA:423,163,0,0
BRDA:423,163,1,0
BRDA:423,164,0,0
BRDA:423,164,1,0
BRDA:424,165,0,0
BRDA:424,166,0,0
BRDA:424,166,1,0
BRDA:425,167,0,0
BRDA:425,167,1,0
BRDA:425,168,0,0
BRDA:425,168,1,0
BRDA:428,169,0,0
BRDA:428,169,1,0
BRDA:428,170,0,0
BRDA:428,170,1,0
BRDA:430,171,0,0
BRDA:430,172,0,0
BRDA:430,172,1,0
BRDA:430,173,0,0
BRDA:430,173,1,0
BRDA:431,174,0,0
BRDA:431,174,1,0
BRDA:431,175,0,0
BRDA:431,175,1,0
BRDA:451,176,0,0
BRDA:458,177,0,0
BRDA:458,177,1,0
BRF:346
BRH:0
end_of_record
TN:
SF:src\pages\Chats.vue
FN:2,(anonymous_0)
FN:11,(anonymous_1)
FN:15,(anonymous_2)
FN:18,(anonymous_3)
FN:20,(anonymous_4)
FN:23,(anonymous_5)
FN:16,(anonymous_6)
FNF:7
FNH:0
FNDA:0,(anonymous_0)
FNDA:0,(anonymous_1)
FNDA:0,(anonymous_2)
FNDA:0,(anonymous_3)
FNDA:0,(anonymous_4)
FNDA:0,(anonymous_5)
FNDA:0,(anonymous_6)
DA:2,0
DA:3,0
DA:5,0
DA:6,0
DA:7,0
DA:8,0
DA:9,0
DA:10,0
DA:12,0
DA:13,0
DA:14,0
DA:15,0
DA:16,0
DA:19,0
DA:20,0
DA:21,0
DA:24,0
DA:28,0
DA:29,0
DA:30,0
LF:20
LH:0
BRDA:2,0,0,0
BRDA:2,0,1,0
BRDA:3,1,0,0
BRDA:3,1,1,0
BRDA:3,2,0,0
BRDA:3,2,1,0
BRF:6
BRH:0
end_of_record
TN:
SF:src\pages\Home.vue
FN:2,(anonymous_0)
FN:16,(anonymous_1)
FN:36,(anonymous_3)
FN:40,(anonymous_4)
FN:44,isAnItem
FN:55,getMainCategories
FN:58,(anonymous_7)
FN:61,(anonymous_8)
FN:65,search
FN:105,(anonymous_10)
FN:116,(anonymous_11)
FN:120,(anonymous_12)
FN:129,(anonymous_13)
FN:135,searchAndResetItems
FN:140,categoryChosen
FN:145,(anonymous_16)
FN:148,(anonymous_17)
FN:152,categoryRemoved
FN:153,(anonymous_19)
FN:165,(anonymous_20)
FN:168,(anonymous_21)
FN:172,loadMoreItems
FNF:22
FNH:8
FNDA:6,(anonymous_0)
FNDA:2,(anonymous_1)
FNDA:4,(anonymous_3)
FNDA:0,(anonymous_4)
FNDA:0,isAnItem
FNDA:2,getMainCategories
FNDA:2,(anonymous_7)
FNDA:0,(anonymous_8)
FNDA:2,search
FNDA:0,(anonymous_10)
FNDA:0,(anonymous_11)
FNDA:2,(anonymous_12)
FNDA:2,(anonymous_13)
FNDA:0,searchAndResetItems
FNDA:0,categoryChosen
FNDA:0,(anonymous_16)
FNDA:0,(anonymous_17)
FNDA:0,categoryRemoved
FNDA:0,(anonymous_19)
FNDA:0,(anonymous_20)
FNDA:0,(anonymous_21)
FNDA:0,loadMoreItems
DA:2,1
DA:3,6
DA:5,1
DA:6,1
DA:7,1
DA:8,1
DA:9,1
DA:10,1
DA:11,1
DA:12,1
DA:13,1
DA:15,1
DA:17,2
DA:18,2
DA:19,2
DA:20,2
DA:28,2
DA:29,2
DA:30,2
DA:31,2
DA:32,2
DA:33,2
DA:34,2
DA:36,2
DA:37,4
DA:40,2
DA:41,0
DA:45,0
DA:56,2
DA:59,2
DA:74,2
DA:76,2
DA:77,2
DA:80,0
DA:81,0
DA:84,0
DA:85,0
DA:88,0
DA:89,0
DA:92,0
DA:93,0
DA:96,0
DA:97,0
DA:100,0
DA:101,0
DA:104,2
DA:105,2
DA:106,0
DA:108,2
DA:117,0
DA:121,2
DA:122,2
DA:125,0
DA:126,2
DA:127,0
DA:131,2
DA:132,2
DA:136,0
DA:137,0
DA:138,0
DA:141,0
DA:142,0
DA:143,0
DA:146,0
DA:149,0
DA:153,0
DA:154,0
DA:155,0
DA:157,0
DA:158,0
DA:159,0
DA:160,0
DA:162,0
DA:166,0
DA:169,0
DA:173,0
DA:175,0
DA:176,0
DA:188,2
DA:189,2
DA:190,2
LF:81
LH:42
BRDA:2,0,0,1
BRDA:2,0,1,1
BRDA:3,1,0,4
BRDA:3,1,1,2
BRDA:3,2,0,6
BRDA:3,2,1,6
BRDA:37,3,0,0
BRDA:37,3,1,4
BRDA:45,4,0,0
BRDA:45,4,1,0
BRDA:45,4,2,0
BRDA:45,4,3,0
BRDA:45,4,4,0
BRDA:45,4,5,0
BRDA:45,4,6,0
BRDA:45,4,7,0
BRDA:45,4,8,0
BRDA:74,5,0,2
BRDA:74,5,1,0
BRDA:74,5,2,0
BRDA:74,5,3,0
BRDA:74,5,4,0
BRDA:74,5,5,0
BRDA:74,5,6,0
BRDA:122,6,0,0
BRDA:122,7,0,2
BRDA:122,7,1,0
BRDA:122,7,2,0
BRDA:126,8,0,0
BRDA:154,9,0,0
BRDA:158,10,0,0
BRDA:173,11,0,0
BRF:32
BRH:9
end_of_record
TN:
SF:src\pages\Item.vue
FN:2,(anonymous_0)
FN:3,adopt
FN:3,(anonymous_2)
FN:4,(anonymous_3)
FN:5,fulfilled
FN:6,rejected
FN:7,step
FN:11,(anonymous_7)
FN:12,(anonymous_8)
FN:13,(anonymous_9)
FN:14,verb
FN:14,(anonymous_11)
FN:19,step
FN:16,(anonymous_13)
FN:54,(anonymous_16)
FN:56,(anonymous_17)
FNF:16
FNH:0
FNDA:0,(anonymous_0)
FNDA:0,adopt
FNDA:0,(anonymous_2)
FNDA:0,(anonymous_3)
FNDA:0,fulfilled
FNDA:0,rejected
FNDA:0,step
FNDA:0,(anonymous_7)
FNDA:0,(anonymous_8)
FNDA:0,(anonymous_9)
FNDA:0,verb
FNDA:0,(anonymous_11)
FNDA:0,step
FNDA:0,(anonymous_13)
FNDA:0,(anonymous_16)
FNDA:0,(anonymous_17)
DA:2,0
DA:3,0
DA:4,0
DA:5,0
DA:6,0
DA:7,0
DA:8,0
DA:11,0
DA:12,0
DA:13,0
DA:14,0
DA:16,0
DA:17,0
DA:20,0
DA:22,0
DA:23,0
DA:24,0
DA:25,0
DA:26,0
DA:27,0
DA:28,0
DA:29,0
DA:30,0
DA:31,0
DA:32,0
DA:33,0
DA:34,0
DA:36,0
DA:37,0
DA:38,0
DA:39,0
DA:40,0
DA:41,0
DA:42,0
DA:44,0
DA:45,0
DA:46,0
DA:47,0
DA:48,0
DA:49,0
DA:50,0
DA:51,0
DA:52,0
DA:54,0
DA:56,0
DA:57,0
DA:58,0
DA:59,0
DA:60,0
DA:61,0
DA:62,0
DA:64,0
DA:65,0
DA:67,0
DA:68,0
DA:75,0
DA:76,0
DA:77,0
DA:78,0
DA:79,0
DA:80,0
DA:81,0
DA:83,0
DA:84,0
DA:85,0
DA:86,0
DA:87,0
LF:67
LH:0
BRDA:2,0,0,0
BRDA:2,0,1,0
BRDA:3,1,0,0
BRDA:3,1,1,0
BRDA:4,2,0,0
BRDA:4,2,1,0
BRDA:7,3,0,0
BRDA:7,3,1,0
BRDA:8,4,0,0
BRDA:8,4,1,0
BRDA:11,5,0,0
BRDA:11,5,1,0
BRDA:12,6,0,0
BRDA:13,7,0,0
BRDA:13,7,1,0
BRDA:20,8,0,0
BRDA:22,9,0,0
BRDA:22,10,0,0
BRDA:22,10,1,0
BRDA:22,10,2,0
BRDA:22,11,0,0
BRDA:22,11,1,0
BRDA:22,12,0,0
BRDA:22,12,1,0
BRDA:22,13,0,0
BRDA:22,13,1,0
BRDA:22,14,0,0
BRDA:22,14,1,0
BRDA:23,15,0,0
BRDA:24,16,0,0
BRDA:24,16,1,0
BRDA:24,16,2,0
BRDA:24,16,3,0
BRDA:24,16,4,0
BRDA:24,16,5,0
BRDA:36,17,0,0
BRDA:36,18,0,0
BRDA:36,18,1,0
BRDA:36,18,2,0
BRDA:36,19,0,0
BRDA:36,19,1,0
BRDA:57,20,0,0
BRDA:57,21,0,0
BRDA:57,21,1,0
BRDA:57,21,2,0
BRDA:57,21,3,0
BRDA:58,22,0,0
BRDA:58,23,0,0
BRDA:58,23,1,0
BRDA:59,24,0,0
BRDA:59,25,0,0
BRDA:59,25,1,0
BRDA:60,26,0,0
BRDA:16,27,0,0
BRDA:16,27,1,0
BRDA:17,28,0,0
BRDA:17,28,1,0
BRDA:17,29,0,0
BRDA:17,29,1,0
BRDA:62,30,0,0
BRDA:62,30,1,0
BRDA:62,30,2,0
BRDA:62,30,3,0
BRDA:62,30,4,0
BRF:64
BRH:0
end_of_record
TN:
SF:src\pages\ItemRegister.vue
FN:3,(anonymous_0)
FN:7,(anonymous_1)
FN:10,(anonymous_2)
FN:14,(anonymous_3)
FN:16,(anonymous_4)
FN:35,(anonymous_5)
FN:59,(anonymous_6)
FN:141,(anonymous_7)
FN:2,(anonymous_8)
FN:32,(anonymous_9)
FN:33,(anonymous_10)
FN:43,updateCategories
FN:53,(anonymous_12)
FN:65,(anonymous_13)
FN:87,updateFilters
FN:94,uploadImage
FN:129,setPriceUnit
FN:133,submit
FN:152,(anonymous_18)
FN:159,(anonymous_19)
FN:162,(anonymous_20)
FNF:21
FNH:0
FNDA:0,(anonymous_0)
FNDA:0,(anonymous_1)
FNDA:0,(anonymous_2)
FNDA:0,(anonymous_3)
FNDA:0,(anonymous_4)
FNDA:0,(anonymous_5)
FNDA:0,(anonymous_6)
FNDA:0,(anonymous_7)
FNDA:0,(anonymous_8)
FNDA:0,(anonymous_9)
FNDA:0,(anonymous_10)
FNDA:0,updateCategories
FNDA:0,(anonymous_12)
FNDA:0,(anonymous_13)
FNDA:0,updateFilters
FNDA:0,uploadImage
FNDA:0,setPriceUnit
FNDA:0,submit
FNDA:0,(anonymous_18)
FNDA:0,(anonymous_19)
FNDA:0,(anonymous_20)
DA:1,0
DA:2,0
DA:3,0
DA:4,0
DA:5,0
DA:6,0
DA:7,0
DA:9,0
DA:11,0
DA:12,0
DA:14,0
DA:15,0
DA:17,0
DA:19,0
DA:31,0
DA:32,0
DA:33,0
DA:34,0
DA:35,0
DA:36,0
DA:37,0
DA:38,0
DA:41,0
DA:42,0
DA:44,0
DA:45,0
DA:46,0
DA:47,0
DA:54,0
DA:55,0
DA:56,0
DA:57,0
DA:59,0
DA:60,0
DA:62,0
DA:65,0
DA:66,0
DA:67,0
DA:68,0
DA:69,0
DA:70,0
DA:71,0
DA:72,0
DA:73,0
DA:74,0
DA:75,0
DA:76,0
DA:77,0
DA:78,0
DA:80,0
DA:86,0
DA:88,0
DA:89,0
DA:92,0
DA:93,0
DA:95,0
DA:96,0
DA:97,0
DA:98,0
DA:99,0
DA:100,0
DA:101,0
DA:106,0
DA:130,0
DA:135,0
DA:136,0
DA:137,0
DA:138,0
DA:139,0
DA:140,0
DA:142,0
DA:143,0
DA:144,0
DA:145,0
DA:146,0
DA:147,0
DA:148,0
DA:149,0
DA:150,0
DA:151,0
DA:152,0
DA:153,0
DA:155,0
DA:156,0
DA:157,0
DA:160,0
DA:163,0
DA:166,0
DA:167,0
DA:168,0
DA:172,0
DA:174,0
DA:181,0
DA:184,0
LF:94
LH:0
BRDA:3,0,0,0
BRDA:3,0,1,0
BRDA:3,1,0,0
BRDA:3,1,1,0
BRDA:4,2,0,0
BRDA:6,3,0,0
BRDA:6,4,0,0
BRDA:6,4,1,0
BRDA:6,5,0,0
BRDA:6,5,1,0
BRDA:6,6,0,0
BRDA:6,6,1,0
BRDA:11,7,0,0
BRDA:14,8,0,0
BRDA:14,8,1,0
BRDA:14,9,0,0
BRDA:14,9,1,0
BRDA:35,10,0,0
BRDA:35,10,1,0
BRDA:36,11,0,0
BRDA:36,12,0,0
BRDA:36,12,1,0
BRDA:38,13,0,0
BRDA:38,14,0,0
BRDA:38,15,0,0
BRDA:38,15,1,0
BRDA:59,16,0,0
BRDA:59,16,1,0
BRDA:60,17,0,0
BRDA:60,17,1,0
BRDA:60,18,0,0
BRDA:60,18,1,0
BRDA:19,19,0,0
BRDA:19,19,1,0
BRDA:19,19,2,0
BRDA:19,19,3,0
BRDA:19,19,4,0
BRDA:19,19,5,0
BRDA:19,19,6,0
BRDA:19,19,7,0
BRDA:19,19,8,0
BRDA:19,19,9,0
BRDA:55,20,0,0
BRDA:66,21,0,0
BRDA:68,22,0,0
BRDA:97,23,0,0
BRDA:135,24,0,0
BRF:47
BRH:0
end_of_record
TN:
SF:src\pages\MyItem.vue
FN:2,(anonymous_0)
FN:3,adopt
FN:3,(anonymous_2)
FN:4,(anonymous_3)
FN:5,fulfilled
FN:6,rejected
FN:7,step
FN:11,(anonymous_7)
FN:12,(anonymous_8)
FN:13,(anonymous_9)
FN:14,verb
FN:14,(anonymous_11)
FN:18,step
FN:59,(anonymous_15)
FN:68,(anonymous_17)
FN:70,(anonymous_18)
FNF:16
FNH:0
FNDA:0,(anonymous_0)
FNDA:0,adopt
FNDA:0,(anonymous_2)
FNDA:0,(anonymous_3)
FNDA:0,fulfilled
FNDA:0,rejected
FNDA:0,step
FNDA:0,(anonymous_7)
FNDA:0,(anonymous_8)
FNDA:0,(anonymous_9)
FNDA:0,verb
FNDA:0,(anonymous_11)
FNDA:0,step
FNDA:0,(anonymous_15)
FNDA:0,(anonymous_17)
FNDA:0,(anonymous_18)
DA:1,0
DA:2,0
DA:3,0
DA:4,0
DA:5,0
DA:6,0
DA:7,0
DA:8,0
DA:11,0
DA:12,0
DA:13,0
DA:14,0
DA:15,0
DA:16,0
DA:17,0
DA:19,0
DA:20,0
DA:21,0
DA:22,0
DA:23,0
DA:24,0
DA:25,0
DA:26,0
DA:27,0
DA:29,0
DA:30,0
DA:31,0
DA:32,0
DA:33,0
DA:34,0
DA:36,0
DA:37,0
DA:38,0
DA:39,0
DA:40,0
DA:41,0
DA:42,0
DA:43,0
DA:45,0
DA:46,0
DA:47,0
DA:48,0
DA:49,0
DA:50,0
DA:51,0
DA:52,0
DA:53,0
DA:56,0
DA:57,0
DA:58,0
DA:59,0
DA:60,0
DA:61,0
DA:62,0
DA:68,0
DA:70,0
DA:71,0
DA:73,0
DA:74,0
DA:76,0
DA:77,0
DA:84,0
DA:85,0
DA:86,0
DA:87,0
DA:88,0
DA:89,0
DA:90,0
DA:92,0
DA:93,0
DA:94,0
DA:95,0
DA:96,0
LF:73
LH:0
BRDA:2,0,0,0
BRDA:2,0,1,0
BRDA:3,1,0,0
BRDA:3,1,1,0
BRDA:4,2,0,0
BRDA:4,2,1,0
BRDA:7,3,0,0
BRDA:7,3,1,0
BRDA:8,4,0,0
BRDA:8,4,1,0
BRDA:11,5,0,0
BRDA:11,5,1,0
BRDA:12,6,0,0
BRDA:13,7,0,0
BRDA:13,7,1,0
BRDA:19,8,0,0
BRDA:21,9,0,0
BRDA:21,10,0,0
BRDA:21,10,1,0
BRDA:21,10,2,0
BRDA:21,11,0,0
BRDA:21,11,1,0
BRDA:21,12,0,0
BRDA:21,12,1,0
BRDA:21,13,0,0
BRDA:21,13,1,0
BRDA:21,14,0,0
BRDA:21,14,1,0
BRDA:22,15,0,0
BRDA:23,16,0,0
BRDA:23,16,1,0
BRDA:23,16,2,0
BRDA:23,16,3,0
BRDA:23,16,4,0
BRDA:23,16,5,0
BRDA:29,17,0,0
BRDA:29,18,0,0
BRDA:29,18,1,0
BRDA:29,18,2,0
BRDA:29,19,0,0
BRDA:29,19,1,0
BRDA:30,20,0,0
BRDA:30,21,0,0
BRDA:30,21,1,0
BRDA:30,21,2,0
BRDA:30,21,3,0
BRDA:31,22,0,0
BRDA:31,23,0,0
BRDA:31,23,1,0
BRDA:32,24,0,0
BRDA:32,25,0,0
BRDA:32,25,1,0
BRDA:33,26,0,0
BRDA:53,27,0,0
BRDA:53,28,0,0
BRDA:53,28,1,0
BRDA:60,29,0,0
BRDA:71,30,0,0
BRDA:71,30,1,0
BRDA:71,30,2,0
BRDA:71,30,3,0
BRDA:71,30,4,0
BRF:62
BRH:0
end_of_record
TN:
SF:src\pages\MyItems.vue
FN:2,(anonymous_0)
FN:19,(anonymous_1)
FN:25,(anonymous_2)
FN:1,(anonymous_3)
FN:50,(anonymous_4)
FN:54,(anonymous_5)
FN:57,(anonymous_6)
FN:61,isAnItem
FN:72,getMainCategories
FN:75,(anonymous_9)
FN:78,(anonymous_10)
FN:82,search
FN:125,(anonymous_12)
FN:139,(anonymous_13)
FN:143,(anonymous_14)
FN:152,(anonymous_15)
FN:158,searchAndResetItems
FN:163,categoryChosen
FN:168,(anonymous_18)
FN:171,(anonymous_19)
FN:175,categoryRemoved
FN:176,(anonymous_21)
FN:188,(anonymous_22)
FN:191,(anonymous_23)
FN:195,loadMoreItems
FNF:25
FNH:0
FNDA:0,(anonymous_0)
FNDA:0,(anonymous_1)
FNDA:0,(anonymous_2)
FNDA:0,(anonymous_3)
FNDA:0,(anonymous_4)
FNDA:0,(anonymous_5)
FNDA:0,(anonymous_6)
FNDA:0,isAnItem
FNDA:0,getMainCategories
FNDA:0,(anonymous_9)
FNDA:0,(anonymous_10)
FNDA:0,search
FNDA:0,(anonymous_12)
FNDA:0,(anonymous_13)
FNDA:0,(anonymous_14)
FNDA:0,(anonymous_15)
FNDA:0,searchAndResetItems
FNDA:0,categoryChosen
FNDA:0,(anonymous_18)
FNDA:0,(anonymous_19)
FNDA:0,categoryRemoved
FNDA:0,(anonymous_21)
FNDA:0,(anonymous_22)
FNDA:0,(anonymous_23)
FNDA:0,loadMoreItems
DA:1,0
DA:2,0
DA:3,0
DA:5,0
DA:6,0
DA:7,0
DA:8,0
DA:9,0
DA:10,0
DA:11,0
DA:12,0
DA:13,0
DA:14,0
DA:15,0
DA:19,0
DA:20,0
DA:21,0
DA:24,0
DA:25,0
DA:26,0
DA:27,0
DA:28,0
DA:29,0
DA:37,0
DA:38,0
DA:39,0
DA:40,0
DA:41,0
DA:42,0
DA:43,0
DA:45,0
DA:46,0
DA:50,0
DA:51,0
DA:54,0
DA:55,0
DA:57,0
DA:58,0
DA:62,0
DA:73,0
DA:76,0
DA:79,0
DA:83,0
DA:84,0
DA:94,0
DA:96,0
DA:97,0
DA:100,0
DA:101,0
DA:104,0
DA:105,0
DA:108,0
DA:109,0
DA:112,0
DA:113,0
DA:116,0
DA:117,0
DA:120,0
DA:121,0
DA:124,0
DA:125,0
DA:126,0
DA:128,0
DA:140,0
DA:144,0
DA:145,0
DA:148,0
DA:149,0
DA:150,0
DA:154,0
DA:155,0
DA:159,0
DA:160,0
DA:161,0
DA:164,0
DA:165,0
DA:166,0
DA:169,0
DA:172,0
DA:176,0
DA:177,0
DA:178,0
DA:180,0
DA:181,0
DA:182,0
DA:183,0
DA:185,0
DA:189,0
DA:192,0
DA:196,0
DA:198,0
DA:199,0
DA:202,0
DA:203,0
DA:204,0
LF:95
LH:0
BRDA:2,0,0,0
BRDA:2,0,1,0
BRDA:3,1,0,0
BRDA:3,1,1,0
BRDA:3,2,0,0
BRDA:3,2,1,0
BRDA:22,3,0,0
BRDA:22,3,1,0
BRDA:43,4,0,0
BRDA:51,5,0,0
BRDA:51,5,1,0
BRDA:62,6,0,0
BRDA:62,6,1,0
BRDA:62,6,2,0
BRDA:62,6,3,0
BRDA:62,6,4,0
BRDA:62,6,5,0
BRDA:62,6,6,0
BRDA:62,6,7,0
BRDA:62,6,8,0
BRDA:83,7,0,0
BRDA:94,8,0,0
BRDA:94,8,1,0
BRDA:94,8,2,0
BRDA:94,8,3,0
BRDA:94,8,4,0
BRDA:94,8,5,0
BRDA:94,8,6,0
BRDA:145,9,0,0
BRDA:145,10,0,0
BRDA:145,10,1,0
BRDA:145,10,2,0
BRDA:149,11,0,0
BRDA:177,12,0,0
BRDA:181,13,0,0
BRDA:196,14,0,0
BRF:36
BRH:0
end_of_record
TN:
SF:src\pages\MyLoan.vue
FN:2,(anonymous_0)
FN:3,adopt
FN:3,(anonymous_2)
FN:4,(anonymous_3)
FN:5,fulfilled
FN:6,rejected
FN:7,step
FN:11,(anonymous_7)
FN:12,(anonymous_8)
FN:13,(anonymous_9)
FN:14,verb
FN:14,(anonymous_11)
FN:1,(anonymous_13)
FN:59,(anonymous_15)
FN:68,(anonymous_17)
FN:70,(anonymous_18)
FNF:16
FNH:0
FNDA:0,(anonymous_0)
FNDA:0,adopt
FNDA:0,(anonymous_2)
FNDA:0,(anonymous_3)
FNDA:0,fulfilled
FNDA:0,rejected
FNDA:0,step
FNDA:0,(anonymous_7)
FNDA:0,(anonymous_8)
FNDA:0,(anonymous_9)
FNDA:0,verb
FNDA:0,(anonymous_11)
FNDA:0,(anonymous_13)
FNDA:0,(anonymous_15)
FNDA:0,(anonymous_17)
FNDA:0,(anonymous_18)
DA:1,0
DA:2,0
DA:3,0
DA:4,0
DA:5,0
DA:6,0
DA:7,0
DA:8,0
DA:11,0
DA:12,0
DA:13,0
DA:14,0
DA:16,0
DA:18,0
DA:19,0
DA:21,0
DA:22,0
DA:23,0
DA:24,0
DA:25,0
DA:26,0
DA:27,0
DA:29,0
DA:30,0
DA:31,0
DA:32,0
DA:33,0
DA:34,0
DA:36,0
DA:37,0
DA:38,0
DA:39,0
DA:40,0
DA:41,0
DA:42,0
DA:43,0
DA:44,0
DA:45,0
DA:46,0
DA:47,0
DA:48,0
DA:50,0
DA:51,0
DA:52,0
DA:53,0
DA:54,0
DA:55,0
DA:56,0
DA:57,0
DA:58,0
DA:59,0
DA:60,0
DA:61,0
DA:62,0
DA:68,0
DA:70,0
DA:71,0
DA:73,0
LF:58
LH:0
BRDA:2,0,0,0
BRDA:2,0,1,0
BRDA:3,1,0,0
BRDA:3,1,1,0
BRDA:4,2,0,0
BRDA:4,2,1,0
BRDA:7,3,0,0
BRDA:7,3,1,0
BRDA:8,4,0,0
BRDA:8,4,1,0
BRDA:11,5,0,0
BRDA:11,5,1,0
BRDA:12,6,0,0
BRDA:13,7,0,0
BRDA:13,7,1,0
BRDA:19,8,0,0
BRDA:21,9,0,0
BRDA:21,10,0,0
BRDA:21,10,1,0
BRDA:21,10,2,0
BRDA:21,11,0,0
BRDA:21,11,1,0
BRDA:21,12,0,0
BRDA:21,12,1,0
BRDA:21,13,0,0
BRDA:21,13,1,0
BRDA:21,14,0,0
BRDA:21,14,1,0
BRDA:22,15,0,0
BRDA:23,16,0,0
BRDA:23,16,1,0
BRDA:23,16,2,0
BRDA:23,16,3,0
BRDA:23,16,4,0
BRDA:23,16,5,0
BRDA:29,17,0,0
BRDA:29,18,0,0
BRDA:29,18,1,0
BRDA:29,18,2,0
BRDA:29,19,0,0
BRDA:29,19,1,0
BRDA:30,20,0,0
BRDA:30,21,0,0
BRDA:30,21,1,0
BRDA:30,21,2,0
BRDA:30,21,3,0
BRDA:31,22,0,0
BRDA:31,23,0,0
BRDA:31,23,1,0
BRDA:32,24,0,0
BRDA:32,25,0,0
BRDA:32,25,1,0
BRDA:33,26,0,0
BRDA:1,27,0,0
BRDA:1,27,1,0
BRDA:16,28,0,0
BRDA:16,28,1,0
BRDA:16,29,0,0
BRDA:16,29,1,0
BRDA:60,30,0,0
BRF:60
BRH:0
end_of_record
TN:
SF:src\pages\MyLoans.vue
FN:2,(anonymous_0)
FN:98,(anonymous_1)
FN:104,(anonymous_2)
FN:125,(anonymous_3)
FN:133,(anonymous_4)
FN:137,(anonymous_5)
FN:140,(anonymous_6)
FN:144,isAnItem
FN:155,getMainCategories
FN:158,(anonymous_9)
FN:161,(anonymous_10)
FN:165,search
FN:228,(anonymous_12)
FN:242,(anonymous_13)
FN:246,(anonymous_14)
FN:255,(anonymous_15)
FN:261,searchAndResetItems
FN:266,categoryChosen
FN:271,(anonymous_18)
FN:274,(anonymous_19)
FN:278,categoryRemoved
FN:279,(anonymous_21)
FN:291,(anonymous_22)
FN:294,(anonymous_23)
FN:298,loadMoreItems
FNF:25
FNH:0
FNDA:0,(anonymous_0)
FNDA:0,(anonymous_1)
FNDA:0,(anonymous_2)
FNDA:0,(anonymous_3)
FNDA:0,(anonymous_4)
FNDA:0,(anonymous_5)
FNDA:0,(anonymous_6)
FNDA:0,isAnItem
FNDA:0,getMainCategories
FNDA:0,(anonymous_9)
FNDA:0,(anonymous_10)
FNDA:0,search
FNDA:0,(anonymous_12)
FNDA:0,(anonymous_13)
FNDA:0,(anonymous_14)
FNDA:0,(anonymous_15)
FNDA:0,searchAndResetItems
FNDA:0,categoryChosen
FNDA:0,(anonymous_18)
FNDA:0,(anonymous_19)
FNDA:0,categoryRemoved
FNDA:0,(anonymous_21)
FNDA:0,(anonymous_22)
FNDA:0,(anonymous_23)
FNDA:0,loadMoreItems
DA:2,0
DA:3,0
DA:5,0
DA:6,0
DA:7,0
DA:8,0
DA:9,0
DA:10,0
DA:11,0
DA:12,0
DA:13,0
DA:14,0
DA:98,0
DA:99,0
DA:100,0
DA:103,0
DA:104,0
DA:105,0
DA:106,0
DA:107,0
DA:108,0
DA:120,0
DA:121,0
DA:122,0
DA:123,0
DA:125,0
DA:126,0
DA:128,0
DA:129,0
DA:133,0
DA:134,0
DA:137,0
DA:138,0
DA:140,0
DA:141,0
DA:145,0
DA:156,0
DA:159,0
DA:162,0
DA:166,0
DA:167,0
DA:181,0
DA:183,0
DA:184,0
DA:187,0
DA:188,0
DA:191,0
DA:192,0
DA:195,0
DA:196,0
DA:199,0
DA:200,0
DA:203,0
DA:204,0
DA:207,0
DA:208,0
DA:211,0
DA:212,0
DA:215,0
DA:216,0
DA:219,0
DA:220,0
DA:223,0
DA:224,0
DA:227,0
DA:228,0
DA:229,0
DA:231,0
DA:243,0
DA:247,0
DA:248,0
DA:251,0
DA:252,0
DA:253,0
DA:257,0
DA:258,0
DA:262,0
DA:263,0
DA:264,0
DA:267,0
DA:268,0
DA:269,0
DA:272,0
DA:275,0
DA:279,0
DA:280,0
DA:281,0
DA:283,0
DA:284,0
DA:285,0
DA:286,0
DA:288,0
DA:292,0
DA:295,0
DA:299,0
DA:301,0
DA:302,0
DA:305,0
DA:306,0
DA:307,0
LF:100
LH:0
BRDA:2,0,0,0
BRDA:2,0,1,0
BRDA:3,1,0,0
BRDA:3,1,1,0
BRDA:3,2,0,0
BRDA:3,2,1,0
BRDA:101,3,0,0
BRDA:101,3,1,0
BRDA:126,4,0,0
BRDA:134,5,0,0
BRDA:134,5,1,0
BRDA:145,6,0,0
BRDA:145,6,1,0
BRDA:145,6,2,0
BRDA:145,6,3,0
BRDA:145,6,4,0
BRDA:145,6,5,0
BRDA:145,6,6,0
BRDA:145,6,7,0
BRDA:145,6,8,0
BRDA:166,7,0,0
BRDA:181,8,0,0
BRDA:181,8,1,0
BRDA:181,8,2,0
BRDA:181,8,3,0
BRDA:181,8,4,0
BRDA:181,8,5,0
BRDA:181,8,6,0
BRDA:181,8,7,0
BRDA:181,8,8,0
BRDA:181,8,9,0
BRDA:181,8,10,0
BRDA:248,9,0,0
BRDA:248,10,0,0
BRDA:248,10,1,0
BRDA:248,10,2,0
BRDA:252,11,0,0
BRDA:280,12,0,0
BRDA:284,13,0,0
BRDA:299,14,0,0
BRF:40
BRH:0
end_of_record
TN:
SF:src\pages\Overview.vue
FNF:0
FNH:0
DA:1,0
DA:2,0
LF:2
LH:0
BRF:0
BRH:0
end_of_record
TN:
SF:src\pages\Settings.vue
FN:3,(anonymous_0)
FN:4,adopt
FN:4,(anonymous_2)
FN:5,(anonymous_3)
FN:6,fulfilled
FN:7,rejected
FN:8,step
FN:1,step
FN:33,(anonymous_13)
FN:56,updateUser
FN:60,(anonymous_17)
FN:61,(anonymous_18)
FNF:12
FNH:0
FNDA:0,(anonymous_0)
FNDA:0,adopt
FNDA:0,(anonymous_2)
FNDA:0,(anonymous_3)
FNDA:0,fulfilled
FNDA:0,rejected
FNDA:0,step
FNDA:0,step
FNDA:0,(anonymous_13)
FNDA:0,updateUser
FNDA:0,(anonymous_17)
FNDA:0,(anonymous_18)
DA:2,0
DA:3,0
DA:4,0
DA:5,0
DA:6,0
DA:7,0
DA:8,0
DA:9,0
DA:12,0
DA:13,0
DA:14,0
DA:15,0
DA:16,0
DA:17,0
DA:18,0
DA:19,0
DA:21,0
DA:22,0
DA:23,0
DA:24,0
DA:25,0
DA:26,0
DA:28,0
DA:29,0
DA:30,0
DA:33,0
DA:34,0
DA:36,0
DA:37,0
DA:38,0
DA:39,0
DA:40,0
DA:41,0
DA:42,0
DA:43,0
DA:44,0
DA:45,0
DA:46,0
DA:48,0
DA:49,0
DA:51,0
DA:52,0
DA:53,0
DA:54,0
DA:60,0
DA:61,0
DA:62,0
LF:47
LH:0
BRDA:3,0,0,0
BRDA:3,0,1,0
BRDA:4,1,0,0
BRDA:4,1,1,0
BRDA:5,2,0,0
BRDA:5,2,1,0
BRDA:8,3,0,0
BRDA:8,3,1,0
BRDA:9,4,0,0
BRDA:9,4,1,0
BRDA:2,5,0,0
BRDA:13,6,0,0
BRDA:13,7,0,0
BRDA:13,7,1,0
BRDA:13,7,2,0
BRDA:13,8,0,0
BRDA:13,8,1,0
BRDA:13,9,0,0
BRDA:13,9,1,0
BRDA:13,10,0,0
BRDA:13,10,1,0
BRDA:13,11,0,0
BRDA:13,11,1,0
BRDA:14,12,0,0
BRDA:15,13,0,0
BRDA:15,13,1,0
BRDA:15,13,2,0
BRDA:15,13,3,0
BRDA:15,13,4,0
BRDA:15,13,5,0
BRDA:21,14,0,0
BRDA:21,15,0,0
BRDA:21,15,1,0
BRDA:21,15,2,0
BRDA:21,16,0,0
BRDA:21,16,1,0
BRDA:22,17,0,0
BRDA:22,18,0,0
BRDA:22,18,1,0
BRDA:22,18,2,0
BRDA:22,18,3,0
BRDA:23,19,0,0
BRDA:23,20,0,0
BRDA:23,20,1,0
BRDA:24,21,0,0
BRDA:24,22,0,0
BRDA:24,22,1,0
BRDA:25,23,0,0
BRDA:30,24,0,0
BRDA:30,25,0,0
BRDA:30,25,1,0
BRDA:33,26,0,0
BRDA:33,26,1,0
BRDA:34,27,0,0
BRDA:34,27,1,0
BRDA:34,28,0,0
BRDA:34,28,1,0
BRDA:53,29,0,0
BRF:58
BRH:0
end_of_record
TN:
SF:src\pages\UserLogin.vue
FN:2,(anonymous_0)
FN:6,(anonymous_1)
FN:9,(anonymous_2)
FN:28,(anonymous_3)
FN:30,(anonymous_4)
FN:15,(anonymous_6)
FN:16,adopt
FN:16,(anonymous_8)
FN:17,(anonymous_9)
FN:18,fulfilled
FN:19,rejected
FN:20,step
FN:24,(anonymous_13)
FN:25,(anonymous_14)
FN:26,(anonymous_15)
FN:32,verb
FN:32,(anonymous_17)
FN:33,step
FNF:18
FNH:0
FNDA:0,(anonymous_0)
FNDA:0,(anonymous_1)
FNDA:0,(anonymous_2)
FNDA:0,(anonymous_3)
FNDA:0,(anonymous_4)
FNDA:0,(anonymous_6)
FNDA:0,adopt
FNDA:0,(anonymous_8)
FNDA:0,(anonymous_9)
FNDA:0,fulfilled
FNDA:0,rejected
FNDA:0,step
FNDA:0,(anonymous_13)
FNDA:0,(anonymous_14)
FNDA:0,(anonymous_15)
FNDA:0,verb
FNDA:0,(anonymous_17)
FNDA:0,step
DA:1,0
DA:2,0
DA:3,0
DA:4,0
DA:5,0
DA:6,0
DA:8,0
DA:10,0
DA:11,0
DA:12,0
DA:13,0
DA:15,0
DA:16,0
DA:17,0
DA:18,0
DA:19,0
DA:20,0
DA:21,0
DA:24,0
DA:25,0
DA:26,0
DA:28,0
DA:29,0
DA:31,0
DA:32,0
DA:34,0
DA:35,0
DA:36,0
DA:37,0
DA:38,0
DA:39,0
DA:40,0
DA:41,0
DA:42,0
DA:44,0
DA:45,0
DA:46,0
DA:47,0
DA:48,0
DA:49,0
DA:51,0
DA:52,0
DA:53,0
LF:43
LH:0
BRDA:2,0,0,0
BRDA:2,0,1,0
BRDA:2,1,0,0
BRDA:2,1,1,0
BRDA:3,2,0,0
BRDA:5,3,0,0
BRDA:5,4,0,0
BRDA:5,4,1,0
BRDA:5,5,0,0
BRDA:5,5,1,0
BRDA:5,6,0,0
BRDA:5,6,1,0
BRDA:10,7,0,0
BRDA:28,8,0,0
BRDA:28,8,1,0
BRDA:28,9,0,0
BRDA:28,9,1,0
BRDA:1,10,0,0
BRDA:1,11,0,0
BRDA:1,12,0,0
BRDA:1,12,1,0
BRDA:15,13,0,0
BRDA:15,13,1,0
BRDA:16,14,0,0
BRDA:16,14,1,0
BRDA:17,15,0,0
BRDA:17,15,1,0
BRDA:20,16,0,0
BRDA:20,16,1,0
BRDA:21,17,0,0
BRDA:21,17,1,0
BRDA:24,18,0,0
BRDA:24,18,1,0
BRDA:25,19,0,0
BRDA:26,20,0,0
BRDA:26,20,1,0
BRDA:34,21,0,0
BRDA:36,22,0,0
BRDA:36,23,0,0
BRDA:36,23,1,0
BRDA:36,23,2,0
BRDA:36,24,0,0
BRDA:36,24,1,0
BRDA:36,25,0,0
BRDA:36,25,1,0
BRDA:36,26,0,0
BRDA:36,26,1,0
BRDA:36,27,0,0
BRDA:36,27,1,0
BRDA:37,28,0,0
BRDA:38,29,0,0
BRDA:38,29,1,0
BRDA:38,29,2,0
BRDA:38,29,3,0
BRDA:38,29,4,0
BRDA:38,29,5,0
BRDA:44,30,0,0
BRDA:44,31,0,0
BRDA:44,31,1,0
BRDA:44,31,2,0
BRDA:44,32,0,0
BRDA:44,32,1,0
BRDA:45,33,0,0
BRDA:45,34,0,0
BRDA:45,34,1,0
BRDA:45,34,2,0
BRDA:45,34,3,0
BRDA:46,35,0,0
BRDA:46,36,0,0
BRDA:46,36,1,0
BRDA:47,37,0,0
BRDA:47,38,0,0
BRDA:47,38,1,0
BRDA:48,39,0,0
BRDA:53,40,0,0
BRDA:53,41,0,0
BRDA:53,41,1,0
BRF:77
BRH:0
end_of_record
TN:
SF:src\pages\UserRegister.vue
FN:2,(anonymous_0)
FN:6,(anonymous_1)
FN:9,(anonymous_2)
FN:39,(anonymous_3)
FN:41,(anonymous_4)
FN:44,(anonymous_5)
FN:1,(anonymous_9)
FN:11,fulfilled
FN:12,rejected
FN:13,step
FN:17,(anonymous_13)
FN:18,(anonymous_14)
FN:19,(anonymous_15)
FN:20,verb
FN:20,(anonymous_17)
FN:21,step
FN:56,(anonymous_19)
FNF:17
FNH:0
FNDA:0,(anonymous_0)
FNDA:0,(anonymous_1)
FNDA:0,(anonymous_2)
FNDA:0,(anonymous_3)
FNDA:0,(anonymous_4)
FNDA:0,(anonymous_5)
FNDA:0,(anonymous_9)
FNDA:0,fulfilled
FNDA:0,rejected
FNDA:0,step
FNDA:0,(anonymous_13)
FNDA:0,(anonymous_14)
FNDA:0,(anonymous_15)
FNDA:0,verb
FNDA:0,(anonymous_17)
FNDA:0,step
FNDA:0,(anonymous_19)
DA:1,0
DA:2,0
DA:3,0
DA:4,0
DA:5,0
DA:6,0
DA:8,0
DA:10,0
DA:11,0
DA:12,0
DA:13,0
DA:14,0
DA:17,0
DA:18,0
DA:19,0
DA:20,0
DA:22,0
DA:23,0
DA:24,0
DA:25,0
DA:26,0
DA:27,0
DA:28,0
DA:29,0
DA:30,0
DA:32,0
DA:33,0
DA:34,0
DA:35,0
DA:36,0
DA:37,0
DA:39,0
DA:40,0
DA:42,0
DA:44,0
DA:45,0
DA:46,0
DA:47,0
DA:48,0
DA:49,0
DA:51,0
DA:52,0
DA:53,0
DA:56,0
DA:57,0
DA:59,0
DA:60,0
DA:61,0
DA:62,0
DA:63,0
DA:64,0
DA:65,0
DA:66,0
DA:67,0
DA:68,0
DA:70,0
DA:71,0
DA:72,0
DA:83,0
DA:87,0
DA:88,0
LF:61
LH:0
BRDA:2,0,0,0
BRDA:2,0,1,0
BRDA:2,1,0,0
BRDA:2,1,1,0
BRDA:3,2,0,0
BRDA:5,3,0,0
BRDA:5,4,0,0
BRDA:5,4,1,0
BRDA:5,5,0,0
BRDA:5,5,1,0
BRDA:5,6,0,0
BRDA:5,6,1,0
BRDA:10,7,0,0
BRDA:39,8,0,0
BRDA:39,8,1,0
BRDA:39,9,0,0
BRDA:39,9,1,0
BRDA:44,10,0,0
BRDA:44,10,1,0
BRDA:45,11,0,0
BRDA:45,12,0,0
BRDA:45,12,1,0
BRDA:47,13,0,0
BRDA:47,14,0,0
BRDA:47,15,0,0
BRDA:47,15,1,0
BRDA:1,16,0,0
BRDA:1,16,1,0
BRDA:13,17,0,0
BRDA:13,17,1,0
BRDA:14,18,0,0
BRDA:14,18,1,0
BRDA:17,19,0,0
BRDA:17,19,1,0
BRDA:18,20,0,0
BRDA:19,21,0,0
BRDA:19,21,1,0
BRDA:22,22,0,0
BRDA:24,23,0,0
BRDA:24,24,0,0
BRDA:24,24,1,0
BRDA:24,24,2,0
BRDA:24,25,0,0
BRDA:24,25,1,0
BRDA:24,26,0,0
BRDA:24,26,1,0
BRDA:24,27,0,0
BRDA:24,27,1,0
BRDA:24,28,0,0
BRDA:24,28,1,0
BRDA:25,29,0,0
BRDA:26,30,0,0
BRDA:26,30,1,0
BRDA:26,30,2,0
BRDA:26,30,3,0
BRDA:26,30,4,0
BRDA:26,30,5,0
BRDA:32,31,0,0
BRDA:32,32,0,0
BRDA:32,32,1,0
BRDA:32,32,2,0
BRDA:32,33,0,0
BRDA:32,33,1,0
BRDA:33,34,0,0
BRDA:33,35,0,0
BRDA:33,35,1,0
BRDA:33,35,2,0
BRDA:33,35,3,0
BRDA:34,36,0,0
BRDA:34,37,0,0
BRDA:34,37,1,0
BRDA:35,38,0,0
BRDA:35,39,0,0
BRDA:35,39,1,0
BRDA:36,40,0,0
BRDA:53,41,0,0
BRDA:53,42,0,0
BRDA:53,42,1,0
BRDA:56,43,0,0
BRDA:56,43,1,0
BRDA:57,44,0,0
BRDA:57,44,1,0
BRDA:57,45,0,0
BRDA:57,45,1,0
BRF:84
BRH:0
end_of_record
